-- Install configuration: ""
-- Up-to-date: /home/pbs/ros2_ws/install/mycobot_description/share/mycobot_description/launch
-- Up-to-date: /home/pbs/ros2_ws/install/mycobot_description/share/mycobot_description/launch/mycobot_280_arduino_view_description.launch.py
-- Up-to-date: /home/pbs/ros2_ws/install/mycobot_description/share/mycobot_description/meshes
-- Up-to-date: /home/pbs/ros2_ws/install/mycobot_description/share/mycobot_description/meshes/mycobot_280
-- Up-to-date: /home/pbs/ros2_ws/install/mycobot_description/share/mycobot_description/meshes/mycobot_280/link1.png
-- Up-to-date: /home/pbs/ros2_ws/install/mycobot_description/share/mycobot_description/meshes/mycobot_280/link4.dae
-- Up-to-date: /home/pbs/ros2_ws/install/mycobot_description/share/mycobot_description/meshes/mycobot_280/link4.png
-- Up-to-date: /home/pbs/ros2_ws/install/mycobot_description/share/mycobot_description/meshes/mycobot_280/link2.dae
-- Up-to-date: /home/pbs/ros2_ws/install/mycobot_description/share/mycobot_description/meshes/mycobot_280/link6.dae
-- Up-to-date: /home/pbs/ros2_ws/install/mycobot_description/share/mycobot_description/meshes/mycobot_280/link3.dae
-- Up-to-date: /home/pbs/ros2_ws/install/mycobot_description/share/mycobot_description/meshes/mycobot_280/link6.png
-- Up-to-date: /home/pbs/ros2_ws/install/mycobot_description/share/mycobot_description/meshes/mycobot_280/gripper_right3.dae
-- Up-to-date: /home/pbs/ros2_ws/install/mycobot_description/share/mycobot_description/meshes/mycobot_280/gripper_left1.dae
-- Up-to-date: /home/pbs/ros2_ws/install/mycobot_description/share/mycobot_description/meshes/mycobot_280/link5.png
-- Up-to-date: /home/pbs/ros2_ws/install/mycobot_description/share/mycobot_description/meshes/mycobot_280/link1.dae
-- Up-to-date: /home/pbs/ros2_ws/install/mycobot_description/share/mycobot_description/meshes/mycobot_280/link5.dae
-- Up-to-date: /home/pbs/ros2_ws/install/mycobot_description/share/mycobot_description/meshes/mycobot_280/link3.png
-- Up-to-date: /home/pbs/ros2_ws/install/mycobot_description/share/mycobot_description/meshes/mycobot_280/link7.dae
-- Up-to-date: /home/pbs/ros2_ws/install/mycobot_description/share/mycobot_description/meshes/mycobot_280/gripper_right1.dae
-- Up-to-date: /home/pbs/ros2_ws/install/mycobot_description/share/mycobot_description/meshes/mycobot_280/link2.png
-- Up-to-date: /home/pbs/ros2_ws/install/mycobot_description/share/mycobot_description/meshes/mycobot_280/gripper_base.dae
-- Up-to-date: /home/pbs/ros2_ws/install/mycobot_description/share/mycobot_description/meshes/mycobot_280/gripper_left2.dae
-- Up-to-date: /home/pbs/ros2_ws/install/mycobot_description/share/mycobot_description/meshes/mycobot_280/link7.png
-- Up-to-date: /home/pbs/ros2_ws/install/mycobot_description/share/mycobot_description/meshes/mycobot_280/gripper_left3.dae
-- Up-to-date: /home/pbs/ros2_ws/install/mycobot_description/share/mycobot_description/meshes/mycobot_280/gripper_right2.dae
-- Up-to-date: /home/pbs/ros2_ws/install/mycobot_description/share/mycobot_description/meshes/mycobot_280/suit_env.dae
-- Up-to-date: /home/pbs/ros2_ws/install/mycobot_description/share/mycobot_description/meshes/mycobot_280/base_link.dae
-- Up-to-date: /home/pbs/ros2_ws/install/mycobot_description/share/mycobot_description/rviz
-- Up-to-date: /home/pbs/ros2_ws/install/mycobot_description/share/mycobot_description/rviz/mycobot_280_arduino_view_description.rviz
-- Up-to-date: /home/pbs/ros2_ws/install/mycobot_description/share/mycobot_description/urdf
-- Up-to-date: /home/pbs/ros2_ws/install/mycobot_description/share/mycobot_description/urdf/mycobot280_rviz.png
-- Up-to-date: /home/pbs/ros2_ws/install/mycobot_description/share/mycobot_description/urdf/mycobot_280_urdf.xacro
-- Up-to-date: /home/pbs/ros2_ws/install/mycobot_description/share/ament_index/resource_index/package_run_dependencies/mycobot_description
-- Up-to-date: /home/pbs/ros2_ws/install/mycobot_description/share/ament_index/resource_index/parent_prefix_path/mycobot_description
-- Up-to-date: /home/pbs/ros2_ws/install/mycobot_description/share/mycobot_description/environment/ament_prefix_path.sh
-- Up-to-date: /home/pbs/ros2_ws/install/mycobot_description/share/mycobot_description/environment/ament_prefix_path.dsv
-- Up-to-date: /home/pbs/ros2_ws/install/mycobot_description/share/mycobot_description/environment/path.sh
-- Up-to-date: /home/pbs/ros2_ws/install/mycobot_description/share/mycobot_description/environment/path.dsv
-- Up-to-date: /home/pbs/ros2_ws/install/mycobot_description/share/mycobot_description/local_setup.bash
-- Up-to-date: /home/pbs/ros2_ws/install/mycobot_description/share/mycobot_description/local_setup.sh
-- Up-to-date: /home/pbs/ros2_ws/install/mycobot_description/share/mycobot_description/local_setup.zsh
-- Up-to-date: /home/pbs/ros2_ws/install/mycobot_description/share/mycobot_description/local_setup.dsv
-- Up-to-date: /home/pbs/ros2_ws/install/mycobot_description/share/mycobot_description/package.dsv
-- Up-to-date: /home/pbs/ros2_ws/install/mycobot_description/share/ament_index/resource_index/packages/mycobot_description
-- Up-to-date: /home/pbs/ros2_ws/install/mycobot_description/share/mycobot_description/cmake/mycobot_descriptionConfig.cmake
-- Up-to-date: /home/pbs/ros2_ws/install/mycobot_description/share/mycobot_description/cmake/mycobot_descriptionConfig-version.cmake
-- Up-to-date: /home/pbs/ros2_ws/install/mycobot_description/share/mycobot_description/package.xml
