[0.094s] DEBUG:colcon:Command line arguments: ['/usr/bin/colcon', 'build']
[0.094s] DEBUG:colcon:Parsed command line arguments: Namespace(log_base=None, log_level=None, verb_name='build', build_base='build', install_base='install', merge_install=False, symlink_install=False, test_result_base=None, continue_on_error=False, executor='parallel', parallel_workers=12, event_handlers=None, ignore_user_meta=False, metas=['./colcon.meta'], base_paths=['.'], packages_ignore=None, packages_ignore_regex=None, paths=None, packages_up_to=None, packages_up_to_regex=None, packages_above=None, packages_above_and_dependencies=None, packages_above_depth=None, packages_select_by_dep=None, packages_skip_by_dep=None, packages_skip_up_to=None, packages_select_build_failed=False, packages_skip_build_finished=False, packages_select_test_failures=False, packages_skip_test_passed=False, packages_select=None, packages_skip=None, packages_select_regex=None, packages_skip_regex=None, packages_start=None, packages_end=None, allow_overriding=[], cmake_args=None, cmake_target=None, cmake_target_skip_unavailable=False, cmake_clean_cache=False, cmake_clean_first=False, cmake_force_configure=False, ament_cmake_args=None, catkin_cmake_args=None, catkin_skip_building_tests=False, mixin_files=None, mixin=None, verb_parser=<colcon_mixin.mixin.mixin_argument.MixinArgumentDecorator object at 0x79c511f2ee60>, verb_extension=<colcon_core.verb.build.BuildVerb object at 0x79c5120dc400>, main=<bound method BuildVerb.main of <colcon_core.verb.build.BuildVerb object at 0x79c5120dc400>>, mixin_verb=('build',))
[0.244s] Level 1:colcon.colcon_core.package_discovery:discover_packages(colcon_meta) check parameters
[0.244s] Level 1:colcon.colcon_core.package_discovery:discover_packages(recursive) check parameters
[0.244s] Level 1:colcon.colcon_core.package_discovery:discover_packages(ignore) check parameters
[0.244s] Level 1:colcon.colcon_core.package_discovery:discover_packages(path) check parameters
[0.244s] Level 1:colcon.colcon_core.package_discovery:discover_packages(colcon_meta) discover
[0.244s] Level 1:colcon.colcon_core.package_discovery:discover_packages(recursive) discover
[0.244s] INFO:colcon.colcon_core.package_discovery:Crawling recursively for packages in '/home/pbs/ros2_ws'
[0.244s] Level 1:colcon.colcon_core.package_identification:_identify(.) by extensions ['ignore', 'ignore_ament_install']
[0.245s] Level 1:colcon.colcon_core.package_identification:_identify(.) by extension 'ignore'
[0.245s] Level 1:colcon.colcon_core.package_identification:_identify(.) by extension 'ignore_ament_install'
[0.245s] Level 1:colcon.colcon_core.package_identification:_identify(.) by extensions ['colcon_pkg']
[0.245s] Level 1:colcon.colcon_core.package_identification:_identify(.) by extension 'colcon_pkg'
[0.245s] Level 1:colcon.colcon_core.package_identification:_identify(.) by extensions ['colcon_meta']
[0.245s] Level 1:colcon.colcon_core.package_identification:_identify(.) by extension 'colcon_meta'
[0.245s] Level 1:colcon.colcon_core.package_identification:_identify(.) by extensions ['ros']
[0.245s] Level 1:colcon.colcon_core.package_identification:_identify(.) by extension 'ros'
[0.254s] Level 1:colcon.colcon_core.package_identification:_identify(.) by extensions ['cmake', 'python']
[0.254s] Level 1:colcon.colcon_core.package_identification:_identify(.) by extension 'cmake'
[0.254s] Level 1:colcon.colcon_core.package_identification:_identify(.) by extension 'python'
[0.254s] Level 1:colcon.colcon_core.package_identification:_identify(.) by extensions ['python_setup_py']
[0.254s] Level 1:colcon.colcon_core.package_identification:_identify(.) by extension 'python_setup_py'
[0.254s] Level 1:colcon.colcon_core.package_identification:_identify(build) by extensions ['ignore', 'ignore_ament_install']
[0.254s] Level 1:colcon.colcon_core.package_identification:_identify(build) by extension 'ignore'
[0.254s] Level 1:colcon.colcon_core.package_identification:_identify(build) ignored
[0.254s] Level 1:colcon.colcon_core.package_identification:_identify(install) by extensions ['ignore', 'ignore_ament_install']
[0.254s] Level 1:colcon.colcon_core.package_identification:_identify(install) by extension 'ignore'
[0.254s] Level 1:colcon.colcon_core.package_identification:_identify(install) ignored
[0.254s] Level 1:colcon.colcon_core.package_identification:_identify(log) by extensions ['ignore', 'ignore_ament_install']
[0.254s] Level 1:colcon.colcon_core.package_identification:_identify(log) by extension 'ignore'
[0.254s] Level 1:colcon.colcon_core.package_identification:_identify(log) ignored
[0.254s] Level 1:colcon.colcon_core.package_identification:_identify(src) by extensions ['ignore', 'ignore_ament_install']
[0.255s] Level 1:colcon.colcon_core.package_identification:_identify(src) by extension 'ignore'
[0.255s] Level 1:colcon.colcon_core.package_identification:_identify(src) by extension 'ignore_ament_install'
[0.255s] Level 1:colcon.colcon_core.package_identification:_identify(src) by extensions ['colcon_pkg']
[0.255s] Level 1:colcon.colcon_core.package_identification:_identify(src) by extension 'colcon_pkg'
[0.255s] Level 1:colcon.colcon_core.package_identification:_identify(src) by extensions ['colcon_meta']
[0.255s] Level 1:colcon.colcon_core.package_identification:_identify(src) by extension 'colcon_meta'
[0.255s] Level 1:colcon.colcon_core.package_identification:_identify(src) by extensions ['ros']
[0.255s] Level 1:colcon.colcon_core.package_identification:_identify(src) by extension 'ros'
[0.255s] Level 1:colcon.colcon_core.package_identification:_identify(src) by extensions ['cmake', 'python']
[0.255s] Level 1:colcon.colcon_core.package_identification:_identify(src) by extension 'cmake'
[0.255s] Level 1:colcon.colcon_core.package_identification:_identify(src) by extension 'python'
[0.255s] Level 1:colcon.colcon_core.package_identification:_identify(src) by extensions ['python_setup_py']
[0.255s] Level 1:colcon.colcon_core.package_identification:_identify(src) by extension 'python_setup_py'
[0.255s] Level 1:colcon.colcon_core.package_identification:_identify(src/mycobot_ros2) by extensions ['ignore', 'ignore_ament_install']
[0.255s] Level 1:colcon.colcon_core.package_identification:_identify(src/mycobot_ros2) by extension 'ignore'
[0.255s] Level 1:colcon.colcon_core.package_identification:_identify(src/mycobot_ros2) by extension 'ignore_ament_install'
[0.255s] Level 1:colcon.colcon_core.package_identification:_identify(src/mycobot_ros2) by extensions ['colcon_pkg']
[0.255s] Level 1:colcon.colcon_core.package_identification:_identify(src/mycobot_ros2) by extension 'colcon_pkg'
[0.255s] Level 1:colcon.colcon_core.package_identification:_identify(src/mycobot_ros2) by extensions ['colcon_meta']
[0.255s] Level 1:colcon.colcon_core.package_identification:_identify(src/mycobot_ros2) by extension 'colcon_meta'
[0.255s] Level 1:colcon.colcon_core.package_identification:_identify(src/mycobot_ros2) by extensions ['ros']
[0.255s] Level 1:colcon.colcon_core.package_identification:_identify(src/mycobot_ros2) by extension 'ros'
[0.255s] Level 1:colcon.colcon_core.package_identification:_identify(src/mycobot_ros2) by extensions ['cmake', 'python']
[0.255s] Level 1:colcon.colcon_core.package_identification:_identify(src/mycobot_ros2) by extension 'cmake'
[0.255s] Level 1:colcon.colcon_core.package_identification:_identify(src/mycobot_ros2) by extension 'python'
[0.255s] Level 1:colcon.colcon_core.package_identification:_identify(src/mycobot_ros2) by extensions ['python_setup_py']
[0.255s] Level 1:colcon.colcon_core.package_identification:_identify(src/mycobot_ros2) by extension 'python_setup_py'
[0.256s] Level 1:colcon.colcon_core.package_identification:_identify(src/mycobot_ros2/mycobot_description) by extensions ['ignore', 'ignore_ament_install']
[0.256s] Level 1:colcon.colcon_core.package_identification:_identify(src/mycobot_ros2/mycobot_description) by extension 'ignore'
[0.256s] Level 1:colcon.colcon_core.package_identification:_identify(src/mycobot_ros2/mycobot_description) by extension 'ignore_ament_install'
[0.256s] Level 1:colcon.colcon_core.package_identification:_identify(src/mycobot_ros2/mycobot_description) by extensions ['colcon_pkg']
[0.256s] Level 1:colcon.colcon_core.package_identification:_identify(src/mycobot_ros2/mycobot_description) by extension 'colcon_pkg'
[0.256s] Level 1:colcon.colcon_core.package_identification:_identify(src/mycobot_ros2/mycobot_description) by extensions ['colcon_meta']
[0.256s] Level 1:colcon.colcon_core.package_identification:_identify(src/mycobot_ros2/mycobot_description) by extension 'colcon_meta'
[0.256s] Level 1:colcon.colcon_core.package_identification:_identify(src/mycobot_ros2/mycobot_description) by extensions ['ros']
[0.256s] Level 1:colcon.colcon_core.package_identification:_identify(src/mycobot_ros2/mycobot_description) by extension 'ros'
[0.258s] DEBUG:colcon.colcon_core.package_identification:Package 'src/mycobot_ros2/mycobot_description' with type 'ros.ament_cmake' and name 'mycobot_description'
[0.258s] Level 1:colcon.colcon_core.package_identification:_identify(src/mycobot_ros2/mycobot_gazebo) by extensions ['ignore', 'ignore_ament_install']
[0.258s] Level 1:colcon.colcon_core.package_identification:_identify(src/mycobot_ros2/mycobot_gazebo) by extension 'ignore'
[0.258s] Level 1:colcon.colcon_core.package_identification:_identify(src/mycobot_ros2/mycobot_gazebo) by extension 'ignore_ament_install'
[0.258s] Level 1:colcon.colcon_core.package_identification:_identify(src/mycobot_ros2/mycobot_gazebo) by extensions ['colcon_pkg']
[0.258s] Level 1:colcon.colcon_core.package_identification:_identify(src/mycobot_ros2/mycobot_gazebo) by extension 'colcon_pkg'
[0.258s] Level 1:colcon.colcon_core.package_identification:_identify(src/mycobot_ros2/mycobot_gazebo) by extensions ['colcon_meta']
[0.258s] Level 1:colcon.colcon_core.package_identification:_identify(src/mycobot_ros2/mycobot_gazebo) by extension 'colcon_meta'
[0.258s] Level 1:colcon.colcon_core.package_identification:_identify(src/mycobot_ros2/mycobot_gazebo) by extensions ['ros']
[0.258s] Level 1:colcon.colcon_core.package_identification:_identify(src/mycobot_ros2/mycobot_gazebo) by extension 'ros'
[0.260s] DEBUG:colcon.colcon_core.package_identification:Package 'src/mycobot_ros2/mycobot_gazebo' with type 'ros.ament_cmake' and name 'mycobot_gazebo'
[0.260s] Level 1:colcon.colcon_core.package_identification:_identify(src/mycobot_ros2/mycobot_interfaces) by extensions ['ignore', 'ignore_ament_install']
[0.260s] Level 1:colcon.colcon_core.package_identification:_identify(src/mycobot_ros2/mycobot_interfaces) by extension 'ignore'
[0.260s] Level 1:colcon.colcon_core.package_identification:_identify(src/mycobot_ros2/mycobot_interfaces) by extension 'ignore_ament_install'
[0.260s] Level 1:colcon.colcon_core.package_identification:_identify(src/mycobot_ros2/mycobot_interfaces) by extensions ['colcon_pkg']
[0.260s] Level 1:colcon.colcon_core.package_identification:_identify(src/mycobot_ros2/mycobot_interfaces) by extension 'colcon_pkg'
[0.260s] Level 1:colcon.colcon_core.package_identification:_identify(src/mycobot_ros2/mycobot_interfaces) by extensions ['colcon_meta']
[0.260s] Level 1:colcon.colcon_core.package_identification:_identify(src/mycobot_ros2/mycobot_interfaces) by extension 'colcon_meta'
[0.260s] Level 1:colcon.colcon_core.package_identification:_identify(src/mycobot_ros2/mycobot_interfaces) by extensions ['ros']
[0.260s] Level 1:colcon.colcon_core.package_identification:_identify(src/mycobot_ros2/mycobot_interfaces) by extension 'ros'
[0.261s] DEBUG:colcon.colcon_core.package_identification:Package 'src/mycobot_ros2/mycobot_interfaces' with type 'ros.ament_cmake' and name 'mycobot_interfaces'
[0.261s] Level 1:colcon.colcon_core.package_discovery:discover_packages(recursive) using defaults
[0.261s] Level 1:colcon.colcon_core.package_discovery:discover_packages(ignore) discover
[0.261s] Level 1:colcon.colcon_core.package_discovery:discover_packages(ignore) using defaults
[0.261s] Level 1:colcon.colcon_core.package_discovery:discover_packages(path) discover
[0.261s] Level 1:colcon.colcon_core.package_discovery:discover_packages(path) using defaults
[0.289s] Level 1:colcon.colcon_core.package_discovery:discover_packages(prefix_path) check parameters
[0.289s] Level 1:colcon.colcon_core.package_discovery:discover_packages(prefix_path) discover
[0.290s] WARNING:colcon.colcon_ros.prefix_path.ament:The path '/home/pbs/ros2_ws/install/mycobot_interfaces' in the environment variable AMENT_PREFIX_PATH doesn't exist
[0.290s] WARNING:colcon.colcon_ros.prefix_path.ament:The path '/home/pbs/ros2_ws/install/mycobot_gazebo' in the environment variable AMENT_PREFIX_PATH doesn't exist
[0.290s] WARNING:colcon.colcon_ros.prefix_path.ament:The path '/home/pbs/ros2_ws/install/mycobot_description' in the environment variable AMENT_PREFIX_PATH doesn't exist
[0.290s] WARNING:colcon.colcon_ros.prefix_path.catkin:The path '/home/pbs/ros2_ws/install/mycobot_interfaces' in the environment variable CMAKE_PREFIX_PATH doesn't exist
[0.290s] WARNING:colcon.colcon_ros.prefix_path.catkin:The path '/home/pbs/ros2_ws/install/mycobot_gazebo' in the environment variable CMAKE_PREFIX_PATH doesn't exist
[0.290s] WARNING:colcon.colcon_ros.prefix_path.catkin:The path '/home/pbs/ros2_ws/install/mycobot_description' in the environment variable CMAKE_PREFIX_PATH doesn't exist
[0.290s] DEBUG:colcon.colcon_installed_package_information.package_discovery:Found 0 installed packages in /home/pbs/ros2_ws/install
[0.292s] DEBUG:colcon.colcon_installed_package_information.package_discovery:Found 380 installed packages in /opt/ros/humble
[0.294s] Level 1:colcon.colcon_core.package_discovery:discover_packages(prefix_path) using defaults
[0.333s] Level 5:colcon.colcon_core.verb:set package 'mycobot_description' build argument 'cmake_args' from command line to 'None'
[0.333s] Level 5:colcon.colcon_core.verb:set package 'mycobot_description' build argument 'cmake_target' from command line to 'None'
[0.333s] Level 5:colcon.colcon_core.verb:set package 'mycobot_description' build argument 'cmake_target_skip_unavailable' from command line to 'False'
[0.333s] Level 5:colcon.colcon_core.verb:set package 'mycobot_description' build argument 'cmake_clean_cache' from command line to 'False'
[0.333s] Level 5:colcon.colcon_core.verb:set package 'mycobot_description' build argument 'cmake_clean_first' from command line to 'False'
[0.333s] Level 5:colcon.colcon_core.verb:set package 'mycobot_description' build argument 'cmake_force_configure' from command line to 'False'
[0.333s] Level 5:colcon.colcon_core.verb:set package 'mycobot_description' build argument 'ament_cmake_args' from command line to 'None'
[0.333s] Level 5:colcon.colcon_core.verb:set package 'mycobot_description' build argument 'catkin_cmake_args' from command line to 'None'
[0.333s] Level 5:colcon.colcon_core.verb:set package 'mycobot_description' build argument 'catkin_skip_building_tests' from command line to 'False'
[0.333s] DEBUG:colcon.colcon_core.verb:Building package 'mycobot_description' with the following arguments: {'ament_cmake_args': None, 'build_base': '/home/pbs/ros2_ws/build/mycobot_description', 'catkin_cmake_args': None, 'catkin_skip_building_tests': False, 'cmake_args': None, 'cmake_clean_cache': False, 'cmake_clean_first': False, 'cmake_force_configure': False, 'cmake_target': None, 'cmake_target_skip_unavailable': False, 'install_base': '/home/pbs/ros2_ws/install/mycobot_description', 'merge_install': False, 'path': '/home/pbs/ros2_ws/src/mycobot_ros2/mycobot_description', 'symlink_install': False, 'test_result_base': None}
[0.333s] Level 5:colcon.colcon_core.verb:set package 'mycobot_gazebo' build argument 'cmake_args' from command line to 'None'
[0.333s] Level 5:colcon.colcon_core.verb:set package 'mycobot_gazebo' build argument 'cmake_target' from command line to 'None'
[0.333s] Level 5:colcon.colcon_core.verb:set package 'mycobot_gazebo' build argument 'cmake_target_skip_unavailable' from command line to 'False'
[0.333s] Level 5:colcon.colcon_core.verb:set package 'mycobot_gazebo' build argument 'cmake_clean_cache' from command line to 'False'
[0.333s] Level 5:colcon.colcon_core.verb:set package 'mycobot_gazebo' build argument 'cmake_clean_first' from command line to 'False'
[0.334s] Level 5:colcon.colcon_core.verb:set package 'mycobot_gazebo' build argument 'cmake_force_configure' from command line to 'False'
[0.334s] Level 5:colcon.colcon_core.verb:set package 'mycobot_gazebo' build argument 'ament_cmake_args' from command line to 'None'
[0.334s] Level 5:colcon.colcon_core.verb:set package 'mycobot_gazebo' build argument 'catkin_cmake_args' from command line to 'None'
[0.334s] Level 5:colcon.colcon_core.verb:set package 'mycobot_gazebo' build argument 'catkin_skip_building_tests' from command line to 'False'
[0.334s] DEBUG:colcon.colcon_core.verb:Building package 'mycobot_gazebo' with the following arguments: {'ament_cmake_args': None, 'build_base': '/home/pbs/ros2_ws/build/mycobot_gazebo', 'catkin_cmake_args': None, 'catkin_skip_building_tests': False, 'cmake_args': None, 'cmake_clean_cache': False, 'cmake_clean_first': False, 'cmake_force_configure': False, 'cmake_target': None, 'cmake_target_skip_unavailable': False, 'install_base': '/home/pbs/ros2_ws/install/mycobot_gazebo', 'merge_install': False, 'path': '/home/pbs/ros2_ws/src/mycobot_ros2/mycobot_gazebo', 'symlink_install': False, 'test_result_base': None}
[0.334s] Level 5:colcon.colcon_core.verb:set package 'mycobot_interfaces' build argument 'cmake_args' from command line to 'None'
[0.334s] Level 5:colcon.colcon_core.verb:set package 'mycobot_interfaces' build argument 'cmake_target' from command line to 'None'
[0.334s] Level 5:colcon.colcon_core.verb:set package 'mycobot_interfaces' build argument 'cmake_target_skip_unavailable' from command line to 'False'
[0.334s] Level 5:colcon.colcon_core.verb:set package 'mycobot_interfaces' build argument 'cmake_clean_cache' from command line to 'False'
[0.334s] Level 5:colcon.colcon_core.verb:set package 'mycobot_interfaces' build argument 'cmake_clean_first' from command line to 'False'
[0.334s] Level 5:colcon.colcon_core.verb:set package 'mycobot_interfaces' build argument 'cmake_force_configure' from command line to 'False'
[0.334s] Level 5:colcon.colcon_core.verb:set package 'mycobot_interfaces' build argument 'ament_cmake_args' from command line to 'None'
[0.334s] Level 5:colcon.colcon_core.verb:set package 'mycobot_interfaces' build argument 'catkin_cmake_args' from command line to 'None'
[0.334s] Level 5:colcon.colcon_core.verb:set package 'mycobot_interfaces' build argument 'catkin_skip_building_tests' from command line to 'False'
[0.334s] DEBUG:colcon.colcon_core.verb:Building package 'mycobot_interfaces' with the following arguments: {'ament_cmake_args': None, 'build_base': '/home/pbs/ros2_ws/build/mycobot_interfaces', 'catkin_cmake_args': None, 'catkin_skip_building_tests': False, 'cmake_args': None, 'cmake_clean_cache': False, 'cmake_clean_first': False, 'cmake_force_configure': False, 'cmake_target': None, 'cmake_target_skip_unavailable': False, 'install_base': '/home/pbs/ros2_ws/install/mycobot_interfaces', 'merge_install': False, 'path': '/home/pbs/ros2_ws/src/mycobot_ros2/mycobot_interfaces', 'symlink_install': False, 'test_result_base': None}
[0.334s] INFO:colcon.colcon_core.executor:Executing jobs using 'parallel' executor
[0.335s] DEBUG:colcon.colcon_parallel_executor.executor.parallel:run_until_complete
[0.335s] INFO:colcon.colcon_ros.task.ament_cmake.build:Building ROS package in '/home/pbs/ros2_ws/src/mycobot_ros2/mycobot_description' with build type 'ament_cmake'
[0.335s] INFO:colcon.colcon_cmake.task.cmake.build:Building CMake package in '/home/pbs/ros2_ws/src/mycobot_ros2/mycobot_description'
[0.337s] INFO:colcon.colcon_core.plugin_system:Skipping extension 'colcon_core.shell.bat': Not used on non-Windows systems
[0.337s] INFO:colcon.colcon_core.shell:Skip shell extension 'powershell' for command environment: Not usable outside of PowerShell
[0.337s] DEBUG:colcon.colcon_core.shell:Skip shell extension 'dsv' for command environment
[0.341s] INFO:colcon.colcon_ros.task.ament_cmake.build:Building ROS package in '/home/pbs/ros2_ws/src/mycobot_ros2/mycobot_gazebo' with build type 'ament_cmake'
[0.341s] INFO:colcon.colcon_cmake.task.cmake.build:Building CMake package in '/home/pbs/ros2_ws/src/mycobot_ros2/mycobot_gazebo'
[0.341s] INFO:colcon.colcon_core.shell:Skip shell extension 'powershell' for command environment: Not usable outside of PowerShell
[0.341s] DEBUG:colcon.colcon_core.shell:Skip shell extension 'dsv' for command environment
[0.344s] INFO:colcon.colcon_ros.task.ament_cmake.build:Building ROS package in '/home/pbs/ros2_ws/src/mycobot_ros2/mycobot_interfaces' with build type 'ament_cmake'
[0.344s] INFO:colcon.colcon_cmake.task.cmake.build:Building CMake package in '/home/pbs/ros2_ws/src/mycobot_ros2/mycobot_interfaces'
[0.345s] INFO:colcon.colcon_core.shell:Skip shell extension 'powershell' for command environment: Not usable outside of PowerShell
[0.345s] DEBUG:colcon.colcon_core.shell:Skip shell extension 'dsv' for command environment
[0.353s] DEBUG:colcon.colcon_core.event_handler.log_command:Invoking command in '/home/pbs/ros2_ws/build/mycobot_description': CMAKE_PREFIX_PATH=${CMAKE_PREFIX_PATH}:/opt/ros/humble /usr/bin/cmake /home/pbs/ros2_ws/src/mycobot_ros2/mycobot_description -DCMAKE_INSTALL_PREFIX=/home/pbs/ros2_ws/install/mycobot_description
[0.356s] DEBUG:colcon.colcon_core.event_handler.log_command:Invoking command in '/home/pbs/ros2_ws/build/mycobot_gazebo': CMAKE_PREFIX_PATH=${CMAKE_PREFIX_PATH}:/opt/ros/humble /usr/bin/cmake /home/pbs/ros2_ws/src/mycobot_ros2/mycobot_gazebo -DCMAKE_INSTALL_PREFIX=/home/pbs/ros2_ws/install/mycobot_gazebo
[0.359s] DEBUG:colcon.colcon_core.event_handler.log_command:Invoking command in '/home/pbs/ros2_ws/build/mycobot_interfaces': CMAKE_PREFIX_PATH=${CMAKE_PREFIX_PATH}:/opt/ros/humble /usr/bin/cmake /home/pbs/ros2_ws/src/mycobot_ros2/mycobot_interfaces -DCMAKE_INSTALL_PREFIX=/home/pbs/ros2_ws/install/mycobot_interfaces
[1.033s] DEBUG:colcon.colcon_core.event_handler.log_command:Invoked command in '/home/pbs/ros2_ws/build/mycobot_description' returned '0': CMAKE_PREFIX_PATH=${CMAKE_PREFIX_PATH}:/opt/ros/humble /usr/bin/cmake /home/pbs/ros2_ws/src/mycobot_ros2/mycobot_description -DCMAKE_INSTALL_PREFIX=/home/pbs/ros2_ws/install/mycobot_description
[1.035s] DEBUG:colcon.colcon_core.event_handler.log_command:Invoking command in '/home/pbs/ros2_ws/build/mycobot_description': CMAKE_PREFIX_PATH=${CMAKE_PREFIX_PATH}:/opt/ros/humble /usr/bin/cmake --build /home/pbs/ros2_ws/build/mycobot_description -- -j12 -l12
[1.084s] DEBUG:colcon.colcon_core.event_handler.log_command:Invoked command in '/home/pbs/ros2_ws/build/mycobot_description' returned '0': CMAKE_PREFIX_PATH=${CMAKE_PREFIX_PATH}:/opt/ros/humble /usr/bin/cmake --build /home/pbs/ros2_ws/build/mycobot_description -- -j12 -l12
[1.119s] DEBUG:colcon.colcon_core.event_handler.log_command:Invoking command in '/home/pbs/ros2_ws/build/mycobot_description': CMAKE_PREFIX_PATH=${CMAKE_PREFIX_PATH}:/opt/ros/humble /usr/bin/cmake --install /home/pbs/ros2_ws/build/mycobot_description
[1.184s] Level 1:colcon.colcon_core.environment:create_environment_scripts_only(mycobot_description)
[1.185s] DEBUG:colcon.colcon_core.event_handler.log_command:Invoked command in '/home/pbs/ros2_ws/build/mycobot_description' returned '0': CMAKE_PREFIX_PATH=${CMAKE_PREFIX_PATH}:/opt/ros/humble /usr/bin/cmake --install /home/pbs/ros2_ws/build/mycobot_description
[1.188s] Level 1:colcon.colcon_core.environment:checking '/home/pbs/ros2_ws/install/mycobot_description' for CMake module files
[1.189s] Level 1:colcon.colcon_core.environment:checking '/home/pbs/ros2_ws/install/mycobot_description' for CMake config files
[1.189s] Level 1:colcon.colcon_core.shell:create_environment_hook('mycobot_description', 'cmake_prefix_path')
[1.190s] INFO:colcon.colcon_core.shell:Creating environment hook '/home/pbs/ros2_ws/install/mycobot_description/share/mycobot_description/hook/cmake_prefix_path.ps1'
[1.191s] INFO:colcon.colcon_core.shell:Creating environment descriptor '/home/pbs/ros2_ws/install/mycobot_description/share/mycobot_description/hook/cmake_prefix_path.dsv'
[1.192s] INFO:colcon.colcon_core.shell:Creating environment hook '/home/pbs/ros2_ws/install/mycobot_description/share/mycobot_description/hook/cmake_prefix_path.sh'
[1.193s] Level 1:colcon.colcon_core.environment:checking '/home/pbs/ros2_ws/install/mycobot_description/bin'
[1.193s] Level 1:colcon.colcon_core.environment:checking '/home/pbs/ros2_ws/install/mycobot_description/lib/pkgconfig/mycobot_description.pc'
[1.194s] Level 1:colcon.colcon_core.environment:checking '/home/pbs/ros2_ws/install/mycobot_description/lib/python3.10/site-packages'
[1.194s] Level 1:colcon.colcon_core.environment:checking '/home/pbs/ros2_ws/install/mycobot_description/bin'
[1.194s] INFO:colcon.colcon_core.shell:Creating package script '/home/pbs/ros2_ws/install/mycobot_description/share/mycobot_description/package.ps1'
[1.196s] INFO:colcon.colcon_core.shell:Creating package descriptor '/home/pbs/ros2_ws/install/mycobot_description/share/mycobot_description/package.dsv'
[1.197s] INFO:colcon.colcon_core.shell:Creating package script '/home/pbs/ros2_ws/install/mycobot_description/share/mycobot_description/package.sh'
[1.198s] INFO:colcon.colcon_core.shell:Creating package script '/home/pbs/ros2_ws/install/mycobot_description/share/mycobot_description/package.bash'
[1.199s] INFO:colcon.colcon_core.shell:Creating package script '/home/pbs/ros2_ws/install/mycobot_description/share/mycobot_description/package.zsh'
[1.200s] Level 1:colcon.colcon_core.environment:create_file_with_runtime_dependencies(/home/pbs/ros2_ws/install/mycobot_description/share/colcon-core/packages/mycobot_description)
[1.227s] Level 1:colcon.colcon_core.environment:create_environment_scripts_only(mycobot_description)
[1.228s] Level 1:colcon.colcon_core.environment:checking '/home/pbs/ros2_ws/install/mycobot_description' for CMake module files
[1.228s] Level 1:colcon.colcon_core.environment:checking '/home/pbs/ros2_ws/install/mycobot_description' for CMake config files
[1.229s] Level 1:colcon.colcon_core.shell:create_environment_hook('mycobot_description', 'cmake_prefix_path')
[1.229s] INFO:colcon.colcon_core.shell:Creating environment hook '/home/pbs/ros2_ws/install/mycobot_description/share/mycobot_description/hook/cmake_prefix_path.ps1'
[1.230s] INFO:colcon.colcon_core.shell:Creating environment descriptor '/home/pbs/ros2_ws/install/mycobot_description/share/mycobot_description/hook/cmake_prefix_path.dsv'
[1.231s] INFO:colcon.colcon_core.shell:Creating environment hook '/home/pbs/ros2_ws/install/mycobot_description/share/mycobot_description/hook/cmake_prefix_path.sh'
[1.232s] Level 1:colcon.colcon_core.environment:checking '/home/pbs/ros2_ws/install/mycobot_description/bin'
[1.232s] Level 1:colcon.colcon_core.environment:checking '/home/pbs/ros2_ws/install/mycobot_description/lib/pkgconfig/mycobot_description.pc'
[1.233s] Level 1:colcon.colcon_core.environment:checking '/home/pbs/ros2_ws/install/mycobot_description/lib/python3.10/site-packages'
[1.233s] Level 1:colcon.colcon_core.environment:checking '/home/pbs/ros2_ws/install/mycobot_description/bin'
[1.234s] INFO:colcon.colcon_core.shell:Creating package script '/home/pbs/ros2_ws/install/mycobot_description/share/mycobot_description/package.ps1'
[1.235s] INFO:colcon.colcon_core.shell:Creating package descriptor '/home/pbs/ros2_ws/install/mycobot_description/share/mycobot_description/package.dsv'
[1.236s] INFO:colcon.colcon_core.shell:Creating package script '/home/pbs/ros2_ws/install/mycobot_description/share/mycobot_description/package.sh'
[1.237s] INFO:colcon.colcon_core.shell:Creating package script '/home/pbs/ros2_ws/install/mycobot_description/share/mycobot_description/package.bash'
[1.238s] INFO:colcon.colcon_core.shell:Creating package script '/home/pbs/ros2_ws/install/mycobot_description/share/mycobot_description/package.zsh'
[1.239s] Level 1:colcon.colcon_core.environment:create_file_with_runtime_dependencies(/home/pbs/ros2_ws/install/mycobot_description/share/colcon-core/packages/mycobot_description)
[3.267s] DEBUG:colcon.colcon_core.event_handler.log_command:Invoked command in '/home/pbs/ros2_ws/build/mycobot_interfaces' returned '0': CMAKE_PREFIX_PATH=${CMAKE_PREFIX_PATH}:/opt/ros/humble /usr/bin/cmake /home/pbs/ros2_ws/src/mycobot_ros2/mycobot_interfaces -DCMAKE_INSTALL_PREFIX=/home/pbs/ros2_ws/install/mycobot_interfaces
[3.269s] DEBUG:colcon.colcon_core.event_handler.log_command:Invoking command in '/home/pbs/ros2_ws/build/mycobot_interfaces': CMAKE_PREFIX_PATH=${CMAKE_PREFIX_PATH}:/opt/ros/humble /usr/bin/cmake --build /home/pbs/ros2_ws/build/mycobot_interfaces -- -j12 -l12
[3.967s] DEBUG:colcon.colcon_core.event_handler.log_command:Invoked command in '/home/pbs/ros2_ws/build/mycobot_gazebo' returned '0': CMAKE_PREFIX_PATH=${CMAKE_PREFIX_PATH}:/opt/ros/humble /usr/bin/cmake /home/pbs/ros2_ws/src/mycobot_ros2/mycobot_gazebo -DCMAKE_INSTALL_PREFIX=/home/pbs/ros2_ws/install/mycobot_gazebo
[3.969s] DEBUG:colcon.colcon_core.event_handler.log_command:Invoking command in '/home/pbs/ros2_ws/build/mycobot_gazebo': CMAKE_PREFIX_PATH=${CMAKE_PREFIX_PATH}:/opt/ros/humble /usr/bin/cmake --build /home/pbs/ros2_ws/build/mycobot_gazebo -- -j12 -l12
[5.860s] DEBUG:colcon.colcon_core.event_handler.log_command:Invoked command in '/home/pbs/ros2_ws/build/mycobot_interfaces' returned '0': CMAKE_PREFIX_PATH=${CMAKE_PREFIX_PATH}:/opt/ros/humble /usr/bin/cmake --build /home/pbs/ros2_ws/build/mycobot_interfaces -- -j12 -l12
[5.926s] DEBUG:colcon.colcon_core.event_handler.log_command:Invoking command in '/home/pbs/ros2_ws/build/mycobot_interfaces': CMAKE_PREFIX_PATH=${CMAKE_PREFIX_PATH}:/opt/ros/humble /usr/bin/cmake --install /home/pbs/ros2_ws/build/mycobot_interfaces
[5.998s] Level 1:colcon.colcon_core.environment:create_environment_scripts_only(mycobot_interfaces)
[5.999s] Level 1:colcon.colcon_core.environment:checking '/home/pbs/ros2_ws/install/mycobot_interfaces' for CMake module files
[6.000s] DEBUG:colcon.colcon_core.event_handler.log_command:Invoked command in '/home/pbs/ros2_ws/build/mycobot_interfaces' returned '0': CMAKE_PREFIX_PATH=${CMAKE_PREFIX_PATH}:/opt/ros/humble /usr/bin/cmake --install /home/pbs/ros2_ws/build/mycobot_interfaces
[6.001s] Level 1:colcon.colcon_core.environment:checking '/home/pbs/ros2_ws/install/mycobot_interfaces' for CMake config files
[6.002s] Level 1:colcon.colcon_core.shell:create_environment_hook('mycobot_interfaces', 'cmake_prefix_path')
[6.002s] INFO:colcon.colcon_core.shell:Creating environment hook '/home/pbs/ros2_ws/install/mycobot_interfaces/share/mycobot_interfaces/hook/cmake_prefix_path.ps1'
[6.003s] INFO:colcon.colcon_core.shell:Creating environment descriptor '/home/pbs/ros2_ws/install/mycobot_interfaces/share/mycobot_interfaces/hook/cmake_prefix_path.dsv'
[6.004s] INFO:colcon.colcon_core.shell:Creating environment hook '/home/pbs/ros2_ws/install/mycobot_interfaces/share/mycobot_interfaces/hook/cmake_prefix_path.sh'
[6.004s] Level 1:colcon.colcon_core.environment:checking '/home/pbs/ros2_ws/install/mycobot_interfaces/lib'
[6.005s] Level 1:colcon.colcon_core.shell:create_environment_hook('mycobot_interfaces', 'ld_library_path_lib')
[6.005s] INFO:colcon.colcon_core.shell:Creating environment hook '/home/pbs/ros2_ws/install/mycobot_interfaces/share/mycobot_interfaces/hook/ld_library_path_lib.ps1'
[6.006s] INFO:colcon.colcon_core.shell:Creating environment descriptor '/home/pbs/ros2_ws/install/mycobot_interfaces/share/mycobot_interfaces/hook/ld_library_path_lib.dsv'
[6.006s] INFO:colcon.colcon_core.shell:Creating environment hook '/home/pbs/ros2_ws/install/mycobot_interfaces/share/mycobot_interfaces/hook/ld_library_path_lib.sh'
[6.007s] Level 1:colcon.colcon_core.environment:checking '/home/pbs/ros2_ws/install/mycobot_interfaces/bin'
[6.007s] Level 1:colcon.colcon_core.environment:checking '/home/pbs/ros2_ws/install/mycobot_interfaces/lib/pkgconfig/mycobot_interfaces.pc'
[6.007s] Level 1:colcon.colcon_core.environment:checking '/home/pbs/ros2_ws/install/mycobot_interfaces/lib/python3.10/site-packages'
[6.007s] Level 1:colcon.colcon_core.environment:checking '/home/pbs/ros2_ws/install/mycobot_interfaces/bin'
[6.007s] INFO:colcon.colcon_core.shell:Creating package script '/home/pbs/ros2_ws/install/mycobot_interfaces/share/mycobot_interfaces/package.ps1'
[6.008s] INFO:colcon.colcon_core.shell:Creating package descriptor '/home/pbs/ros2_ws/install/mycobot_interfaces/share/mycobot_interfaces/package.dsv'
[6.008s] INFO:colcon.colcon_core.shell:Creating package script '/home/pbs/ros2_ws/install/mycobot_interfaces/share/mycobot_interfaces/package.sh'
[6.008s] INFO:colcon.colcon_core.shell:Creating package script '/home/pbs/ros2_ws/install/mycobot_interfaces/share/mycobot_interfaces/package.bash'
[6.009s] INFO:colcon.colcon_core.shell:Creating package script '/home/pbs/ros2_ws/install/mycobot_interfaces/share/mycobot_interfaces/package.zsh'
[6.009s] Level 1:colcon.colcon_core.environment:create_file_with_runtime_dependencies(/home/pbs/ros2_ws/install/mycobot_interfaces/share/colcon-core/packages/mycobot_interfaces)
[6.147s] Level 1:colcon.colcon_core.environment:create_environment_scripts_only(mycobot_interfaces)
[6.147s] Level 1:colcon.colcon_core.environment:checking '/home/pbs/ros2_ws/install/mycobot_interfaces' for CMake module files
[6.148s] Level 1:colcon.colcon_core.environment:checking '/home/pbs/ros2_ws/install/mycobot_interfaces' for CMake config files
[6.149s] Level 1:colcon.colcon_core.shell:create_environment_hook('mycobot_interfaces', 'cmake_prefix_path')
[6.150s] INFO:colcon.colcon_core.shell:Creating environment hook '/home/pbs/ros2_ws/install/mycobot_interfaces/share/mycobot_interfaces/hook/cmake_prefix_path.ps1'
[6.151s] INFO:colcon.colcon_core.shell:Creating environment descriptor '/home/pbs/ros2_ws/install/mycobot_interfaces/share/mycobot_interfaces/hook/cmake_prefix_path.dsv'
[6.151s] INFO:colcon.colcon_core.shell:Creating environment hook '/home/pbs/ros2_ws/install/mycobot_interfaces/share/mycobot_interfaces/hook/cmake_prefix_path.sh'
[6.152s] Level 1:colcon.colcon_core.environment:checking '/home/pbs/ros2_ws/install/mycobot_interfaces/lib'
[6.152s] Level 1:colcon.colcon_core.shell:create_environment_hook('mycobot_interfaces', 'ld_library_path_lib')
[6.153s] INFO:colcon.colcon_core.shell:Creating environment hook '/home/pbs/ros2_ws/install/mycobot_interfaces/share/mycobot_interfaces/hook/ld_library_path_lib.ps1'
[6.154s] INFO:colcon.colcon_core.shell:Creating environment descriptor '/home/pbs/ros2_ws/install/mycobot_interfaces/share/mycobot_interfaces/hook/ld_library_path_lib.dsv'
[6.154s] INFO:colcon.colcon_core.shell:Creating environment hook '/home/pbs/ros2_ws/install/mycobot_interfaces/share/mycobot_interfaces/hook/ld_library_path_lib.sh'
[6.155s] Level 1:colcon.colcon_core.environment:checking '/home/pbs/ros2_ws/install/mycobot_interfaces/bin'
[6.155s] Level 1:colcon.colcon_core.environment:checking '/home/pbs/ros2_ws/install/mycobot_interfaces/lib/pkgconfig/mycobot_interfaces.pc'
[6.155s] Level 1:colcon.colcon_core.environment:checking '/home/pbs/ros2_ws/install/mycobot_interfaces/lib/python3.10/site-packages'
[6.156s] Level 1:colcon.colcon_core.environment:checking '/home/pbs/ros2_ws/install/mycobot_interfaces/bin'
[6.156s] INFO:colcon.colcon_core.shell:Creating package script '/home/pbs/ros2_ws/install/mycobot_interfaces/share/mycobot_interfaces/package.ps1'
[6.157s] INFO:colcon.colcon_core.shell:Creating package descriptor '/home/pbs/ros2_ws/install/mycobot_interfaces/share/mycobot_interfaces/package.dsv'
[6.158s] INFO:colcon.colcon_core.shell:Creating package script '/home/pbs/ros2_ws/install/mycobot_interfaces/share/mycobot_interfaces/package.sh'
[6.159s] INFO:colcon.colcon_core.shell:Creating package script '/home/pbs/ros2_ws/install/mycobot_interfaces/share/mycobot_interfaces/package.bash'
[6.160s] INFO:colcon.colcon_core.shell:Creating package script '/home/pbs/ros2_ws/install/mycobot_interfaces/share/mycobot_interfaces/package.zsh'
[6.161s] Level 1:colcon.colcon_core.environment:create_file_with_runtime_dependencies(/home/pbs/ros2_ws/install/mycobot_interfaces/share/colcon-core/packages/mycobot_interfaces)
[8.488s] DEBUG:colcon.colcon_core.event_handler.log_command:Invoked command in '/home/pbs/ros2_ws/build/mycobot_gazebo' returned '0': CMAKE_PREFIX_PATH=${CMAKE_PREFIX_PATH}:/opt/ros/humble /usr/bin/cmake --build /home/pbs/ros2_ws/build/mycobot_gazebo -- -j12 -l12
[8.519s] DEBUG:colcon.colcon_core.event_handler.log_command:Invoking command in '/home/pbs/ros2_ws/build/mycobot_gazebo': CMAKE_PREFIX_PATH=${CMAKE_PREFIX_PATH}:/opt/ros/humble /usr/bin/cmake --install /home/pbs/ros2_ws/build/mycobot_gazebo
[8.832s] Level 1:colcon.colcon_core.environment:create_environment_scripts_only(mycobot_gazebo)
[8.832s] Level 1:colcon.colcon_core.environment:checking '/home/pbs/ros2_ws/install/mycobot_gazebo' for CMake module files
[8.833s] DEBUG:colcon.colcon_core.event_handler.log_command:Invoked command in '/home/pbs/ros2_ws/build/mycobot_gazebo' returned '0': CMAKE_PREFIX_PATH=${CMAKE_PREFIX_PATH}:/opt/ros/humble /usr/bin/cmake --install /home/pbs/ros2_ws/build/mycobot_gazebo
[8.833s] Level 1:colcon.colcon_core.environment:checking '/home/pbs/ros2_ws/install/mycobot_gazebo' for CMake config files
[8.839s] Level 1:colcon.colcon_core.shell:create_environment_hook('mycobot_gazebo', 'cmake_prefix_path')
[8.840s] INFO:colcon.colcon_core.shell:Creating environment hook '/home/pbs/ros2_ws/install/mycobot_gazebo/share/mycobot_gazebo/hook/cmake_prefix_path.ps1'
[8.840s] INFO:colcon.colcon_core.shell:Creating environment descriptor '/home/pbs/ros2_ws/install/mycobot_gazebo/share/mycobot_gazebo/hook/cmake_prefix_path.dsv'
[8.840s] INFO:colcon.colcon_core.shell:Creating environment hook '/home/pbs/ros2_ws/install/mycobot_gazebo/share/mycobot_gazebo/hook/cmake_prefix_path.sh'
[8.841s] Level 1:colcon.colcon_core.environment:checking '/home/pbs/ros2_ws/install/mycobot_gazebo/lib'
[8.841s] Level 1:colcon.colcon_core.environment:checking '/home/pbs/ros2_ws/install/mycobot_gazebo/bin'
[8.841s] Level 1:colcon.colcon_core.environment:checking '/home/pbs/ros2_ws/install/mycobot_gazebo/lib/pkgconfig/mycobot_gazebo.pc'
[8.841s] Level 1:colcon.colcon_core.environment:checking '/home/pbs/ros2_ws/install/mycobot_gazebo/lib/python3.10/site-packages'
[8.841s] Level 1:colcon.colcon_core.environment:checking '/home/pbs/ros2_ws/install/mycobot_gazebo/bin'
[8.841s] INFO:colcon.colcon_core.shell:Creating package script '/home/pbs/ros2_ws/install/mycobot_gazebo/share/mycobot_gazebo/package.ps1'
[8.842s] INFO:colcon.colcon_core.shell:Creating package descriptor '/home/pbs/ros2_ws/install/mycobot_gazebo/share/mycobot_gazebo/package.dsv'
[8.842s] INFO:colcon.colcon_core.shell:Creating package script '/home/pbs/ros2_ws/install/mycobot_gazebo/share/mycobot_gazebo/package.sh'
[8.842s] INFO:colcon.colcon_core.shell:Creating package script '/home/pbs/ros2_ws/install/mycobot_gazebo/share/mycobot_gazebo/package.bash'
[8.842s] INFO:colcon.colcon_core.shell:Creating package script '/home/pbs/ros2_ws/install/mycobot_gazebo/share/mycobot_gazebo/package.zsh'
[8.843s] Level 1:colcon.colcon_core.environment:create_file_with_runtime_dependencies(/home/pbs/ros2_ws/install/mycobot_gazebo/share/colcon-core/packages/mycobot_gazebo)
[8.890s] Level 1:colcon.colcon_core.environment:create_environment_scripts_only(mycobot_gazebo)
[8.890s] Level 1:colcon.colcon_core.environment:checking '/home/pbs/ros2_ws/install/mycobot_gazebo' for CMake module files
[8.892s] Level 1:colcon.colcon_core.environment:checking '/home/pbs/ros2_ws/install/mycobot_gazebo' for CMake config files
[8.907s] Level 1:colcon.colcon_core.shell:create_environment_hook('mycobot_gazebo', 'cmake_prefix_path')
[8.907s] INFO:colcon.colcon_core.shell:Creating environment hook '/home/pbs/ros2_ws/install/mycobot_gazebo/share/mycobot_gazebo/hook/cmake_prefix_path.ps1'
[8.908s] INFO:colcon.colcon_core.shell:Creating environment descriptor '/home/pbs/ros2_ws/install/mycobot_gazebo/share/mycobot_gazebo/hook/cmake_prefix_path.dsv'
[8.909s] INFO:colcon.colcon_core.shell:Creating environment hook '/home/pbs/ros2_ws/install/mycobot_gazebo/share/mycobot_gazebo/hook/cmake_prefix_path.sh'
[8.910s] Level 1:colcon.colcon_core.environment:checking '/home/pbs/ros2_ws/install/mycobot_gazebo/lib'
[8.910s] Level 1:colcon.colcon_core.environment:checking '/home/pbs/ros2_ws/install/mycobot_gazebo/bin'
[8.910s] Level 1:colcon.colcon_core.environment:checking '/home/pbs/ros2_ws/install/mycobot_gazebo/lib/pkgconfig/mycobot_gazebo.pc'
[8.911s] Level 1:colcon.colcon_core.environment:checking '/home/pbs/ros2_ws/install/mycobot_gazebo/lib/python3.10/site-packages'
[8.911s] Level 1:colcon.colcon_core.environment:checking '/home/pbs/ros2_ws/install/mycobot_gazebo/bin'
[8.912s] INFO:colcon.colcon_core.shell:Creating package script '/home/pbs/ros2_ws/install/mycobot_gazebo/share/mycobot_gazebo/package.ps1'
[8.913s] INFO:colcon.colcon_core.shell:Creating package descriptor '/home/pbs/ros2_ws/install/mycobot_gazebo/share/mycobot_gazebo/package.dsv'
[8.914s] INFO:colcon.colcon_core.shell:Creating package script '/home/pbs/ros2_ws/install/mycobot_gazebo/share/mycobot_gazebo/package.sh'
[8.915s] INFO:colcon.colcon_core.shell:Creating package script '/home/pbs/ros2_ws/install/mycobot_gazebo/share/mycobot_gazebo/package.bash'
[8.916s] INFO:colcon.colcon_core.shell:Creating package script '/home/pbs/ros2_ws/install/mycobot_gazebo/share/mycobot_gazebo/package.zsh'
[8.917s] Level 1:colcon.colcon_core.environment:create_file_with_runtime_dependencies(/home/pbs/ros2_ws/install/mycobot_gazebo/share/colcon-core/packages/mycobot_gazebo)
[8.917s] DEBUG:colcon.colcon_parallel_executor.executor.parallel:closing loop
[8.918s] DEBUG:colcon.colcon_parallel_executor.executor.parallel:loop closed
[8.918s] DEBUG:colcon.colcon_parallel_executor.executor.parallel:run_until_complete finished with '0'
[8.918s] DEBUG:colcon.colcon_core.event_reactor:joining thread
[8.928s] INFO:colcon.colcon_core.plugin_system:Skipping extension 'colcon_notification.desktop_notification.terminal_notifier': Not used on non-Darwin systems
[8.928s] INFO:colcon.colcon_core.plugin_system:Skipping extension 'colcon_notification.desktop_notification.win32': Not used on non-Windows systems
[8.928s] INFO:colcon.colcon_notification.desktop_notification:Sending desktop notification using 'notify2'
[8.941s] DEBUG:colcon.colcon_core.event_reactor:joined thread
[8.942s] INFO:colcon.colcon_core.shell:Creating prefix script '/home/pbs/ros2_ws/install/local_setup.ps1'
[8.944s] INFO:colcon.colcon_core.shell:Creating prefix util module '/home/pbs/ros2_ws/install/_local_setup_util_ps1.py'
[8.946s] INFO:colcon.colcon_core.shell:Creating prefix chain script '/home/pbs/ros2_ws/install/setup.ps1'
[8.949s] INFO:colcon.colcon_core.shell:Creating prefix script '/home/pbs/ros2_ws/install/local_setup.sh'
[8.950s] INFO:colcon.colcon_core.shell:Creating prefix util module '/home/pbs/ros2_ws/install/_local_setup_util_sh.py'
[8.951s] INFO:colcon.colcon_core.shell:Creating prefix chain script '/home/pbs/ros2_ws/install/setup.sh'
[8.953s] INFO:colcon.colcon_core.shell:Creating prefix script '/home/pbs/ros2_ws/install/local_setup.bash'
[8.954s] INFO:colcon.colcon_core.shell:Creating prefix chain script '/home/pbs/ros2_ws/install/setup.bash'
[8.956s] INFO:colcon.colcon_core.shell:Creating prefix script '/home/pbs/ros2_ws/install/local_setup.zsh'
[8.957s] INFO:colcon.colcon_core.shell:Creating prefix chain script '/home/pbs/ros2_ws/install/setup.zsh'
