[0.017s] Invoking command in '/home/pbs/ros2_ws/build/mycobot_description': CMAKE_PREFIX_PATH=${CMAKE_PREFIX_PATH}:/opt/ros/humble /usr/bin/cmake /home/pbs/ros2_ws/src/mycobot_ros2/mycobot_description -DCMAKE_INSTALL_PREFIX=/home/pbs/ros2_ws/install/mycobot_description
[0.083s] -- The C compiler identification is GNU 11.4.0
[0.145s] -- The CXX compiler identification is GNU 11.4.0
[0.153s] -- Detecting C compiler ABI info
[0.225s] -- Detecting C compiler ABI info - done
[0.232s] -- Check for working C compiler: /usr/bin/cc - skipped
[0.232s] -- Detecting C compile features
[0.233s] -- Detecting C compile features - done
[0.235s] -- Detecting CXX compiler ABI info
[0.322s] -- Detecting CXX compiler ABI info - done
[0.332s] -- Check for working CXX compiler: /usr/bin/c++ - skipped
[0.332s] -- Detecting CXX compile features
[0.333s] -- Detecting CXX compile features - done
[0.337s] -- Found ament_cmake: 1.3.10 (/opt/ros/humble/share/ament_cmake/cmake)
[0.505s] -- Found Python3: /usr/bin/python3 (found version "3.10.12") found components: Interpreter 
[0.608s] -- Found ament_lint_auto: 0.12.11 (/opt/ros/humble/share/ament_lint_auto/cmake)
[0.684s] -- Added test 'flake8' to check Python code syntax and style conventions
[0.684s] -- Added test 'lint_cmake' to check CMake code style
[0.685s] -- Added test 'pep257' to check Python code against some of the docstring style conventions in PEP 257
[0.687s] -- Added test 'xmllint' to check XML markup files
[0.689s] -- Configuring done
[0.692s] -- Generating done
[0.693s] -- Build files have been written to: /home/pbs/ros2_ws/build/mycobot_description
[0.697s] Invoked command in '/home/pbs/ros2_ws/build/mycobot_description' returned '0': CMAKE_PREFIX_PATH=${CMAKE_PREFIX_PATH}:/opt/ros/humble /usr/bin/cmake /home/pbs/ros2_ws/src/mycobot_ros2/mycobot_description -DCMAKE_INSTALL_PREFIX=/home/pbs/ros2_ws/install/mycobot_description
[0.699s] Invoking command in '/home/pbs/ros2_ws/build/mycobot_description': CMAKE_PREFIX_PATH=${CMAKE_PREFIX_PATH}:/opt/ros/humble /usr/bin/cmake --build /home/pbs/ros2_ws/build/mycobot_description -- -j12 -l12
[0.748s] Invoked command in '/home/pbs/ros2_ws/build/mycobot_description' returned '0': CMAKE_PREFIX_PATH=${CMAKE_PREFIX_PATH}:/opt/ros/humble /usr/bin/cmake --build /home/pbs/ros2_ws/build/mycobot_description -- -j12 -l12
[0.783s] Invoking command in '/home/pbs/ros2_ws/build/mycobot_description': CMAKE_PREFIX_PATH=${CMAKE_PREFIX_PATH}:/opt/ros/humble /usr/bin/cmake --install /home/pbs/ros2_ws/build/mycobot_description
[0.792s] -- Install configuration: ""
[0.792s] -- Installing: /home/pbs/ros2_ws/install/mycobot_description/share/mycobot_description/launch
[0.792s] -- Installing: /home/pbs/ros2_ws/install/mycobot_description/share/mycobot_description/launch/mycobot_280_arduino_view_description.launch.py
[0.792s] -- Installing: /home/pbs/ros2_ws/install/mycobot_description/share/mycobot_description/meshes
[0.792s] -- Installing: /home/pbs/ros2_ws/install/mycobot_description/share/mycobot_description/meshes/mycobot_280
[0.792s] -- Installing: /home/pbs/ros2_ws/install/mycobot_description/share/mycobot_description/meshes/mycobot_280/link1.png
[0.792s] -- Installing: /home/pbs/ros2_ws/install/mycobot_description/share/mycobot_description/meshes/mycobot_280/link4.dae
[0.794s] -- Installing: /home/pbs/ros2_ws/install/mycobot_description/share/mycobot_description/meshes/mycobot_280/link4.png
[0.794s] -- Installing: /home/pbs/ros2_ws/install/mycobot_description/share/mycobot_description/meshes/mycobot_280/link2.dae
[0.796s] -- Installing: /home/pbs/ros2_ws/install/mycobot_description/share/mycobot_description/meshes/mycobot_280/link6.dae
[0.798s] -- Installing: /home/pbs/ros2_ws/install/mycobot_description/share/mycobot_description/meshes/mycobot_280/link3.dae
[0.802s] -- Installing: /home/pbs/ros2_ws/install/mycobot_description/share/mycobot_description/meshes/mycobot_280/link6.png
[0.802s] -- Installing: /home/pbs/ros2_ws/install/mycobot_description/share/mycobot_description/meshes/mycobot_280/gripper_right3.dae
[0.803s] -- Installing: /home/pbs/ros2_ws/install/mycobot_description/share/mycobot_description/meshes/mycobot_280/gripper_left1.dae
[0.804s] -- Installing: /home/pbs/ros2_ws/install/mycobot_description/share/mycobot_description/meshes/mycobot_280/link5.png
[0.804s] -- Installing: /home/pbs/ros2_ws/install/mycobot_description/share/mycobot_description/meshes/mycobot_280/link1.dae
[0.813s] -- Installing: /home/pbs/ros2_ws/install/mycobot_description/share/mycobot_description/meshes/mycobot_280/link5.dae
[0.816s] -- Installing: /home/pbs/ros2_ws/install/mycobot_description/share/mycobot_description/meshes/mycobot_280/link3.png
[0.816s] -- Installing: /home/pbs/ros2_ws/install/mycobot_description/share/mycobot_description/meshes/mycobot_280/link7.dae
[0.818s] -- Installing: /home/pbs/ros2_ws/install/mycobot_description/share/mycobot_description/meshes/mycobot_280/gripper_right1.dae
[0.818s] -- Installing: /home/pbs/ros2_ws/install/mycobot_description/share/mycobot_description/meshes/mycobot_280/link2.png
[0.818s] -- Installing: /home/pbs/ros2_ws/install/mycobot_description/share/mycobot_description/meshes/mycobot_280/gripper_base.dae
[0.821s] -- Installing: /home/pbs/ros2_ws/install/mycobot_description/share/mycobot_description/meshes/mycobot_280/gripper_left2.dae
[0.822s] -- Installing: /home/pbs/ros2_ws/install/mycobot_description/share/mycobot_description/meshes/mycobot_280/link7.png
[0.822s] -- Installing: /home/pbs/ros2_ws/install/mycobot_description/share/mycobot_description/meshes/mycobot_280/gripper_left3.dae
[0.823s] -- Installing: /home/pbs/ros2_ws/install/mycobot_description/share/mycobot_description/meshes/mycobot_280/gripper_right2.dae
[0.824s] -- Installing: /home/pbs/ros2_ws/install/mycobot_description/share/mycobot_description/meshes/mycobot_280/suit_env.dae
[0.836s] -- Installing: /home/pbs/ros2_ws/install/mycobot_description/share/mycobot_description/meshes/mycobot_280/base_link.dae
[0.843s] -- Installing: /home/pbs/ros2_ws/install/mycobot_description/share/mycobot_description/rviz
[0.843s] -- Installing: /home/pbs/ros2_ws/install/mycobot_description/share/mycobot_description/rviz/mycobot_280_arduino_view_description.rviz
[0.843s] -- Installing: /home/pbs/ros2_ws/install/mycobot_description/share/mycobot_description/urdf
[0.844s] -- Installing: /home/pbs/ros2_ws/install/mycobot_description/share/mycobot_description/urdf/mycobot280_rviz.png
[0.844s] -- Installing: /home/pbs/ros2_ws/install/mycobot_description/share/mycobot_description/urdf/mycobot_280_urdf.xacro
[0.844s] -- Installing: /home/pbs/ros2_ws/install/mycobot_description/share/ament_index/resource_index/package_run_dependencies/mycobot_description
[0.844s] -- Installing: /home/pbs/ros2_ws/install/mycobot_description/share/ament_index/resource_index/parent_prefix_path/mycobot_description
[0.845s] -- Installing: /home/pbs/ros2_ws/install/mycobot_description/share/mycobot_description/environment/ament_prefix_path.sh
[0.845s] -- Installing: /home/pbs/ros2_ws/install/mycobot_description/share/mycobot_description/environment/ament_prefix_path.dsv
[0.845s] -- Installing: /home/pbs/ros2_ws/install/mycobot_description/share/mycobot_description/environment/path.sh
[0.845s] -- Installing: /home/pbs/ros2_ws/install/mycobot_description/share/mycobot_description/environment/path.dsv
[0.845s] -- Installing: /home/pbs/ros2_ws/install/mycobot_description/share/mycobot_description/local_setup.bash
[0.845s] -- Installing: /home/pbs/ros2_ws/install/mycobot_description/share/mycobot_description/local_setup.sh
[0.846s] -- Installing: /home/pbs/ros2_ws/install/mycobot_description/share/mycobot_description/local_setup.zsh
[0.846s] -- Installing: /home/pbs/ros2_ws/install/mycobot_description/share/mycobot_description/local_setup.dsv
[0.846s] -- Installing: /home/pbs/ros2_ws/install/mycobot_description/share/mycobot_description/package.dsv
[0.846s] -- Installing: /home/pbs/ros2_ws/install/mycobot_description/share/ament_index/resource_index/packages/mycobot_description
[0.846s] -- Installing: /home/pbs/ros2_ws/install/mycobot_description/share/mycobot_description/cmake/mycobot_descriptionConfig.cmake
[0.846s] -- Installing: /home/pbs/ros2_ws/install/mycobot_description/share/mycobot_description/cmake/mycobot_descriptionConfig-version.cmake
[0.846s] -- Installing: /home/pbs/ros2_ws/install/mycobot_description/share/mycobot_description/package.xml
[0.849s] Invoked command in '/home/pbs/ros2_ws/build/mycobot_description' returned '0': CMAKE_PREFIX_PATH=${CMAKE_PREFIX_PATH}:/opt/ros/humble /usr/bin/cmake --install /home/pbs/ros2_ws/build/mycobot_description
