[0.014s] Invoking command in '/home/pbs/ros2_ws/build/mycobot_interfaces': CMAKE_PREFIX_PATH=${CMAKE_PREFIX_PATH}:/opt/ros/humble /usr/bin/cmake /home/pbs/ros2_ws/src/mycobot_ros2/mycobot_interfaces -DCMAKE_INSTALL_PREFIX=/home/pbs/ros2_ws/install/mycobot_interfaces
[0.079s] -- The C compiler identification is GNU 11.4.0
[0.138s] -- The CXX compiler identification is GNU 11.4.0
[0.145s] -- Detecting C compiler ABI info
[0.217s] -- Detecting C compiler ABI info - done
[0.224s] -- Check for working C compiler: /usr/bin/cc - skipped
[0.224s] -- Detecting C compile features
[0.225s] -- Detecting C compile features - done
[0.228s] -- Detecting CXX compiler ABI info
[0.311s] -- Detecting CXX compiler ABI info - done
[0.318s] -- Check for working CXX compiler: /usr/bin/c++ - skipped
[0.318s] -- Detecting CXX compile features
[0.319s] -- Detecting CXX compile features - done
[0.322s] -- Found ament_cmake: 1.3.10 (/opt/ros/humble/share/ament_cmake/cmake)
[0.476s] -- Found Python3: /usr/bin/python3 (found version "3.10.12") found components: Interpreter 
[0.577s] -- Found moveit_msgs: 2.2.1 (/opt/ros/humble/share/moveit_msgs/cmake)
[0.614s] -- Found rosidl_generator_c: 3.1.5 (/opt/ros/humble/share/rosidl_generator_c/cmake)
[0.620s] -- Found rosidl_adapter: 3.1.5 (/opt/ros/humble/share/rosidl_adapter/cmake)
[0.628s] -- Found rosidl_generator_cpp: 3.1.5 (/opt/ros/humble/share/rosidl_generator_cpp/cmake)
[0.640s] -- Using all available rosidl_typesupport_c: rosidl_typesupport_fastrtps_c;rosidl_typesupport_introspection_c
[0.655s] -- Using all available rosidl_typesupport_cpp: rosidl_typesupport_fastrtps_cpp;rosidl_typesupport_introspection_cpp
[0.827s] -- Found rosidl_default_generators: 1.2.0 (/opt/ros/humble/share/rosidl_default_generators/cmake)
[0.836s] -- Found rclcpp: 16.0.10 (/opt/ros/humble/share/rclcpp/cmake)
[0.874s] -- Found rmw_implementation_cmake: 6.1.2 (/opt/ros/humble/share/rmw_implementation_cmake/cmake)
[0.877s] -- Found rmw_fastrtps_cpp: 6.2.7 (/opt/ros/humble/share/rmw_fastrtps_cpp/cmake)
[0.983s] -- Found OpenSSL: /usr/lib/x86_64-linux-gnu/libcrypto.so (found version "3.0.2")  
[1.017s] -- Found FastRTPS: /opt/ros/humble/include  
[1.064s] -- Using RMW implementation 'rmw_fastrtps_cpp' as default
[1.073s] -- Looking for pthread.h
[1.151s] -- Looking for pthread.h - found
[1.151s] -- Performing Test CMAKE_HAVE_LIBC_PTHREAD
[1.231s] -- Performing Test CMAKE_HAVE_LIBC_PTHREAD - Success
[1.232s] -- Found Threads: TRUE  
[1.643s] -- Found ament_cmake_ros: 0.10.0 (/opt/ros/humble/share/ament_cmake_ros/cmake)
[2.331s] -- Using all available rosidl_typesupport_c: rosidl_typesupport_fastrtps_c;rosidl_typesupport_introspection_c
[2.602s] -- Using all available rosidl_typesupport_cpp: rosidl_typesupport_fastrtps_cpp;rosidl_typesupport_introspection_cpp
[2.623s] -- Found PythonInterp: /usr/bin/python3 (found suitable version "3.10.12", minimum required is "3.6") 
[2.625s] -- Found python_cmake_module: 0.10.0 (/opt/ros/humble/share/python_cmake_module/cmake)
[2.656s] -- Found PythonLibs: /usr/lib/x86_64-linux-gnu/libpython3.10.so (found suitable version "3.10.12", minimum required is "3.5") 
[2.656s] -- Using PYTHON_EXECUTABLE: /usr/bin/python3
[2.656s] -- Using PYTHON_INCLUDE_DIRS: /usr/include/python3.10
[2.656s] -- Using PYTHON_LIBRARIES: /usr/lib/x86_64-linux-gnu/libpython3.10.so
[2.678s] -- Found PythonExtra: .so  
[2.825s] -- Found ament_lint_auto: 0.12.11 (/opt/ros/humble/share/ament_lint_auto/cmake)
[2.845s] -- Added test 'lint_cmake' to check CMake code style
[2.846s] -- Added test 'xmllint' to check XML markup files
[2.849s] -- Configuring done
[2.901s] -- Generating done
[2.906s] -- Build files have been written to: /home/pbs/ros2_ws/build/mycobot_interfaces
[2.922s] Invoked command in '/home/pbs/ros2_ws/build/mycobot_interfaces' returned '0': CMAKE_PREFIX_PATH=${CMAKE_PREFIX_PATH}:/opt/ros/humble /usr/bin/cmake /home/pbs/ros2_ws/src/mycobot_ros2/mycobot_interfaces -DCMAKE_INSTALL_PREFIX=/home/pbs/ros2_ws/install/mycobot_interfaces
[2.924s] Invoking command in '/home/pbs/ros2_ws/build/mycobot_interfaces': CMAKE_PREFIX_PATH=${CMAKE_PREFIX_PATH}:/opt/ros/humble /usr/bin/cmake --build /home/pbs/ros2_ws/build/mycobot_interfaces -- -j12 -l12
[2.983s] [  3%] [34m[1mGenerating C code for ROS interfaces[0m
[2.990s] [  6%] [34m[1mGenerating C++ code for ROS interfaces[0m
[3.001s] [  6%] Built target ament_cmake_python_copy_mycobot_interfaces
[3.233s] running egg_info
[3.234s] creating mycobot_interfaces.egg-info
[3.234s] writing mycobot_interfaces.egg-info/PKG-INFO
[3.234s] writing dependency_links to mycobot_interfaces.egg-info/dependency_links.txt
[3.234s] writing top-level names to mycobot_interfaces.egg-info/top_level.txt
[3.235s] writing manifest file 'mycobot_interfaces.egg-info/SOURCES.txt'
[3.237s] reading manifest file 'mycobot_interfaces.egg-info/SOURCES.txt'
[3.237s] writing manifest file 'mycobot_interfaces.egg-info/SOURCES.txt'
[3.277s] [  6%] Built target ament_cmake_python_build_mycobot_interfaces_egg
[3.346s] [  6%] Built target mycobot_interfaces__cpp
[3.359s] [ 12%] [34m[1mGenerating C++ type support dispatch for ROS interfaces[0m
[3.359s] [ 12%] [34m[1mGenerating C++ introspection for ROS interfaces[0m
[3.359s] [ 16%] [34m[1mGenerating C++ type support for eProsima Fast-RTPS[0m
[3.363s] [ 19%] [32mBuilding C object CMakeFiles/mycobot_interfaces__rosidl_generator_c.dir/rosidl_generator_c/mycobot_interfaces/srv/detail/get_planning_scene__functions.c.o[0m
[3.440s] [ 22%] [32m[1mLinking C shared library libmycobot_interfaces__rosidl_generator_c.so[0m
[3.500s] [ 22%] Built target mycobot_interfaces__rosidl_generator_c
[3.512s] [ 25%] [34m[1mGenerating C type support for eProsima Fast-RTPS[0m
[3.513s] [ 29%] [34m[1mGenerating C introspection for ROS interfaces[0m
[3.514s] [ 32%] [34m[1mGenerating C type support dispatch for ROS interfaces[0m
[3.674s] [ 35%] [32mBuilding CXX object CMakeFiles/mycobot_interfaces__rosidl_typesupport_cpp.dir/rosidl_typesupport_cpp/mycobot_interfaces/srv/get_planning_scene__type_support.cpp.o[0m
[3.715s] [ 38%] [32mBuilding CXX object CMakeFiles/mycobot_interfaces__rosidl_typesupport_introspection_cpp.dir/rosidl_typesupport_introspection_cpp/mycobot_interfaces/srv/detail/get_planning_scene__type_support.cpp.o[0m
[3.724s] [ 41%] [32mBuilding CXX object CMakeFiles/mycobot_interfaces__rosidl_typesupport_fastrtps_cpp.dir/rosidl_typesupport_fastrtps_cpp/mycobot_interfaces/srv/detail/dds_fastrtps/get_planning_scene__type_support.cpp.o[0m
[3.930s] [ 45%] [32mBuilding C object CMakeFiles/mycobot_interfaces__rosidl_typesupport_introspection_c.dir/rosidl_typesupport_introspection_c/mycobot_interfaces/srv/detail/get_planning_scene__type_support.c.o[0m
[3.987s] [ 48%] [32m[1mLinking CXX shared library libmycobot_interfaces__rosidl_typesupport_cpp.so[0m
[4.004s] [ 51%] [32mBuilding CXX object CMakeFiles/mycobot_interfaces__rosidl_typesupport_c.dir/rosidl_typesupport_c/mycobot_interfaces/srv/get_planning_scene__type_support.cpp.o[0m
[4.009s] [ 54%] [32m[1mLinking C shared library libmycobot_interfaces__rosidl_typesupport_introspection_c.so[0m
[4.039s] [ 58%] [32mBuilding CXX object CMakeFiles/mycobot_interfaces__rosidl_typesupport_fastrtps_c.dir/rosidl_typesupport_fastrtps_c/mycobot_interfaces/srv/detail/get_planning_scene__type_support_c.cpp.o[0m
[4.045s] [ 58%] Built target mycobot_interfaces__rosidl_typesupport_cpp
[4.050s] [ 61%] [32m[1mLinking CXX shared library libmycobot_interfaces__rosidl_typesupport_c.so[0m
[4.060s] [ 61%] Built target mycobot_interfaces__rosidl_typesupport_introspection_c
[4.098s] [ 61%] Built target mycobot_interfaces__rosidl_typesupport_c
[4.264s] [ 64%] [32m[1mLinking CXX shared library libmycobot_interfaces__rosidl_typesupport_fastrtps_cpp.so[0m
[4.322s] [ 67%] [32m[1mLinking CXX shared library libmycobot_interfaces__rosidl_typesupport_introspection_cpp.so[0m
[4.382s] [ 67%] Built target mycobot_interfaces__rosidl_typesupport_fastrtps_cpp
[4.435s] [ 70%] [32m[1mLinking CXX shared library libmycobot_interfaces__rosidl_typesupport_fastrtps_c.so[0m
[4.442s] [ 70%] Built target mycobot_interfaces__rosidl_typesupport_introspection_cpp
[4.539s] [ 70%] Built target mycobot_interfaces__rosidl_typesupport_fastrtps_c
[4.562s] [ 70%] Built target mycobot_interfaces
[4.585s] [ 74%] [34m[1mGenerating Python code for ROS interfaces[0m
[5.060s] [ 74%] Built target mycobot_interfaces__py
[5.084s] [ 77%] [32mBuilding C object CMakeFiles/mycobot_interfaces__rosidl_generator_py.dir/rosidl_generator_py/mycobot_interfaces/srv/_get_planning_scene_s.c.o[0m
[5.216s] [ 80%] [32m[1mLinking C shared library rosidl_generator_py/mycobot_interfaces/libmycobot_interfaces__rosidl_generator_py.so[0m
[5.284s] [ 80%] Built target mycobot_interfaces__rosidl_generator_py
[5.309s] [ 83%] [32mBuilding C object CMakeFiles/mycobot_interfaces__rosidl_typesupport_c__pyext.dir/rosidl_generator_py/mycobot_interfaces/_mycobot_interfaces_s.ep.rosidl_typesupport_c.c.o[0m
[5.310s] [ 87%] [32mBuilding C object CMakeFiles/mycobot_interfaces__rosidl_typesupport_introspection_c__pyext.dir/rosidl_generator_py/mycobot_interfaces/_mycobot_interfaces_s.ep.rosidl_typesupport_introspection_c.c.o[0m
[5.312s] [ 90%] [32mBuilding C object CMakeFiles/mycobot_interfaces__rosidl_typesupport_fastrtps_c__pyext.dir/rosidl_generator_py/mycobot_interfaces/_mycobot_interfaces_s.ep.rosidl_typesupport_fastrtps_c.c.o[0m
[5.429s] [ 93%] [32m[1mLinking C shared library rosidl_generator_py/mycobot_interfaces/mycobot_interfaces_s__rosidl_typesupport_introspection_c.cpython-310-x86_64-linux-gnu.so[0m
[5.435s] [ 96%] [32m[1mLinking C shared library rosidl_generator_py/mycobot_interfaces/mycobot_interfaces_s__rosidl_typesupport_fastrtps_c.cpython-310-x86_64-linux-gnu.so[0m
[5.435s] [100%] [32m[1mLinking C shared library rosidl_generator_py/mycobot_interfaces/mycobot_interfaces_s__rosidl_typesupport_c.cpython-310-x86_64-linux-gnu.so[0m
[5.496s] [100%] Built target mycobot_interfaces__rosidl_typesupport_introspection_c__pyext
[5.500s] [100%] Built target mycobot_interfaces__rosidl_typesupport_fastrtps_c__pyext
[5.501s] [100%] Built target mycobot_interfaces__rosidl_typesupport_c__pyext
[5.515s] Invoked command in '/home/pbs/ros2_ws/build/mycobot_interfaces' returned '0': CMAKE_PREFIX_PATH=${CMAKE_PREFIX_PATH}:/opt/ros/humble /usr/bin/cmake --build /home/pbs/ros2_ws/build/mycobot_interfaces -- -j12 -l12
[5.581s] Invoking command in '/home/pbs/ros2_ws/build/mycobot_interfaces': CMAKE_PREFIX_PATH=${CMAKE_PREFIX_PATH}:/opt/ros/humble /usr/bin/cmake --install /home/pbs/ros2_ws/build/mycobot_interfaces
[5.596s] -- Install configuration: ""
[5.597s] -- Installing: /home/pbs/ros2_ws/install/mycobot_interfaces/share/ament_index/resource_index/rosidl_interfaces/mycobot_interfaces
[5.597s] -- Installing: /home/pbs/ros2_ws/install/mycobot_interfaces/include/mycobot_interfaces/mycobot_interfaces
[5.597s] -- Installing: /home/pbs/ros2_ws/install/mycobot_interfaces/include/mycobot_interfaces/mycobot_interfaces/srv
[5.597s] -- Installing: /home/pbs/ros2_ws/install/mycobot_interfaces/include/mycobot_interfaces/mycobot_interfaces/srv/detail
[5.597s] -- Installing: /home/pbs/ros2_ws/install/mycobot_interfaces/include/mycobot_interfaces/mycobot_interfaces/srv/detail/get_planning_scene__type_support.h
[5.597s] -- Installing: /home/pbs/ros2_ws/install/mycobot_interfaces/include/mycobot_interfaces/mycobot_interfaces/srv/detail/get_planning_scene__functions.c
[5.597s] -- Installing: /home/pbs/ros2_ws/install/mycobot_interfaces/include/mycobot_interfaces/mycobot_interfaces/srv/detail/get_planning_scene__struct.h
[5.598s] -- Installing: /home/pbs/ros2_ws/install/mycobot_interfaces/include/mycobot_interfaces/mycobot_interfaces/srv/detail/get_planning_scene__functions.h
[5.598s] -- Installing: /home/pbs/ros2_ws/install/mycobot_interfaces/include/mycobot_interfaces/mycobot_interfaces/srv/get_planning_scene.h
[5.598s] -- Installing: /home/pbs/ros2_ws/install/mycobot_interfaces/include/mycobot_interfaces/mycobot_interfaces/msg
[5.598s] -- Installing: /home/pbs/ros2_ws/install/mycobot_interfaces/include/mycobot_interfaces/mycobot_interfaces/msg/rosidl_generator_c__visibility_control.h
[5.598s] -- Installing: /home/pbs/ros2_ws/install/mycobot_interfaces/share/mycobot_interfaces/environment/library_path.sh
[5.598s] -- Installing: /home/pbs/ros2_ws/install/mycobot_interfaces/share/mycobot_interfaces/environment/library_path.dsv
[5.598s] -- Installing: /home/pbs/ros2_ws/install/mycobot_interfaces/lib/libmycobot_interfaces__rosidl_generator_c.so
[5.599s] -- Set runtime path of "/home/pbs/ros2_ws/install/mycobot_interfaces/lib/libmycobot_interfaces__rosidl_generator_c.so" to ""
[5.599s] -- Up-to-date: /home/pbs/ros2_ws/install/mycobot_interfaces/include/mycobot_interfaces/mycobot_interfaces
[5.599s] -- Up-to-date: /home/pbs/ros2_ws/install/mycobot_interfaces/include/mycobot_interfaces/mycobot_interfaces/srv
[5.599s] -- Up-to-date: /home/pbs/ros2_ws/install/mycobot_interfaces/include/mycobot_interfaces/mycobot_interfaces/srv/detail
[5.599s] -- Installing: /home/pbs/ros2_ws/install/mycobot_interfaces/include/mycobot_interfaces/mycobot_interfaces/srv/detail/get_planning_scene__rosidl_typesupport_fastrtps_c.h
[5.599s] -- Up-to-date: /home/pbs/ros2_ws/install/mycobot_interfaces/include/mycobot_interfaces/mycobot_interfaces/msg
[5.600s] -- Installing: /home/pbs/ros2_ws/install/mycobot_interfaces/include/mycobot_interfaces/mycobot_interfaces/msg/rosidl_typesupport_fastrtps_c__visibility_control.h
[5.600s] -- Installing: /home/pbs/ros2_ws/install/mycobot_interfaces/lib/libmycobot_interfaces__rosidl_typesupport_fastrtps_c.so
[5.600s] -- Set runtime path of "/home/pbs/ros2_ws/install/mycobot_interfaces/lib/libmycobot_interfaces__rosidl_typesupport_fastrtps_c.so" to ""
[5.600s] -- Up-to-date: /home/pbs/ros2_ws/install/mycobot_interfaces/include/mycobot_interfaces/mycobot_interfaces
[5.600s] -- Up-to-date: /home/pbs/ros2_ws/install/mycobot_interfaces/include/mycobot_interfaces/mycobot_interfaces/srv
[5.600s] -- Up-to-date: /home/pbs/ros2_ws/install/mycobot_interfaces/include/mycobot_interfaces/mycobot_interfaces/srv/detail
[5.600s] -- Installing: /home/pbs/ros2_ws/install/mycobot_interfaces/include/mycobot_interfaces/mycobot_interfaces/srv/detail/get_planning_scene__builder.hpp
[5.601s] -- Installing: /home/pbs/ros2_ws/install/mycobot_interfaces/include/mycobot_interfaces/mycobot_interfaces/srv/detail/get_planning_scene__traits.hpp
[5.601s] -- Installing: /home/pbs/ros2_ws/install/mycobot_interfaces/include/mycobot_interfaces/mycobot_interfaces/srv/detail/get_planning_scene__struct.hpp
[5.601s] -- Installing: /home/pbs/ros2_ws/install/mycobot_interfaces/include/mycobot_interfaces/mycobot_interfaces/srv/get_planning_scene.hpp
[5.601s] -- Up-to-date: /home/pbs/ros2_ws/install/mycobot_interfaces/include/mycobot_interfaces/mycobot_interfaces
[5.601s] -- Up-to-date: /home/pbs/ros2_ws/install/mycobot_interfaces/include/mycobot_interfaces/mycobot_interfaces/srv
[5.601s] -- Up-to-date: /home/pbs/ros2_ws/install/mycobot_interfaces/include/mycobot_interfaces/mycobot_interfaces/srv/detail
[5.601s] -- Installing: /home/pbs/ros2_ws/install/mycobot_interfaces/include/mycobot_interfaces/mycobot_interfaces/srv/detail/dds_fastrtps
[5.601s] -- Installing: /home/pbs/ros2_ws/install/mycobot_interfaces/include/mycobot_interfaces/mycobot_interfaces/srv/detail/get_planning_scene__rosidl_typesupport_fastrtps_cpp.hpp
[5.601s] -- Up-to-date: /home/pbs/ros2_ws/install/mycobot_interfaces/include/mycobot_interfaces/mycobot_interfaces/msg
[5.601s] -- Installing: /home/pbs/ros2_ws/install/mycobot_interfaces/include/mycobot_interfaces/mycobot_interfaces/msg/rosidl_typesupport_fastrtps_cpp__visibility_control.h
[5.601s] -- Installing: /home/pbs/ros2_ws/install/mycobot_interfaces/lib/libmycobot_interfaces__rosidl_typesupport_fastrtps_cpp.so
[5.601s] -- Set runtime path of "/home/pbs/ros2_ws/install/mycobot_interfaces/lib/libmycobot_interfaces__rosidl_typesupport_fastrtps_cpp.so" to ""
[5.602s] -- Up-to-date: /home/pbs/ros2_ws/install/mycobot_interfaces/include/mycobot_interfaces/mycobot_interfaces
[5.602s] -- Up-to-date: /home/pbs/ros2_ws/install/mycobot_interfaces/include/mycobot_interfaces/mycobot_interfaces/srv
[5.602s] -- Up-to-date: /home/pbs/ros2_ws/install/mycobot_interfaces/include/mycobot_interfaces/mycobot_interfaces/srv/detail
[5.602s] -- Installing: /home/pbs/ros2_ws/install/mycobot_interfaces/include/mycobot_interfaces/mycobot_interfaces/srv/detail/get_planning_scene__type_support.c
[5.602s] -- Installing: /home/pbs/ros2_ws/install/mycobot_interfaces/include/mycobot_interfaces/mycobot_interfaces/srv/detail/get_planning_scene__rosidl_typesupport_introspection_c.h
[5.602s] -- Up-to-date: /home/pbs/ros2_ws/install/mycobot_interfaces/include/mycobot_interfaces/mycobot_interfaces/msg
[5.602s] -- Installing: /home/pbs/ros2_ws/install/mycobot_interfaces/include/mycobot_interfaces/mycobot_interfaces/msg/rosidl_typesupport_introspection_c__visibility_control.h
[5.602s] -- Installing: /home/pbs/ros2_ws/install/mycobot_interfaces/lib/libmycobot_interfaces__rosidl_typesupport_introspection_c.so
[5.602s] -- Set runtime path of "/home/pbs/ros2_ws/install/mycobot_interfaces/lib/libmycobot_interfaces__rosidl_typesupport_introspection_c.so" to ""
[5.602s] -- Installing: /home/pbs/ros2_ws/install/mycobot_interfaces/lib/libmycobot_interfaces__rosidl_typesupport_c.so
[5.603s] -- Set runtime path of "/home/pbs/ros2_ws/install/mycobot_interfaces/lib/libmycobot_interfaces__rosidl_typesupport_c.so" to ""
[5.603s] -- Up-to-date: /home/pbs/ros2_ws/install/mycobot_interfaces/include/mycobot_interfaces/mycobot_interfaces
[5.603s] -- Up-to-date: /home/pbs/ros2_ws/install/mycobot_interfaces/include/mycobot_interfaces/mycobot_interfaces/srv
[5.603s] -- Up-to-date: /home/pbs/ros2_ws/install/mycobot_interfaces/include/mycobot_interfaces/mycobot_interfaces/srv/detail
[5.603s] -- Installing: /home/pbs/ros2_ws/install/mycobot_interfaces/include/mycobot_interfaces/mycobot_interfaces/srv/detail/get_planning_scene__rosidl_typesupport_introspection_cpp.hpp
[5.603s] -- Installing: /home/pbs/ros2_ws/install/mycobot_interfaces/include/mycobot_interfaces/mycobot_interfaces/srv/detail/get_planning_scene__type_support.cpp
[5.603s] -- Installing: /home/pbs/ros2_ws/install/mycobot_interfaces/lib/libmycobot_interfaces__rosidl_typesupport_introspection_cpp.so
[5.604s] -- Set runtime path of "/home/pbs/ros2_ws/install/mycobot_interfaces/lib/libmycobot_interfaces__rosidl_typesupport_introspection_cpp.so" to ""
[5.604s] -- Installing: /home/pbs/ros2_ws/install/mycobot_interfaces/lib/libmycobot_interfaces__rosidl_typesupport_cpp.so
[5.604s] -- Set runtime path of "/home/pbs/ros2_ws/install/mycobot_interfaces/lib/libmycobot_interfaces__rosidl_typesupport_cpp.so" to ""
[5.604s] -- Installing: /home/pbs/ros2_ws/install/mycobot_interfaces/share/mycobot_interfaces/environment/pythonpath.sh
[5.604s] -- Installing: /home/pbs/ros2_ws/install/mycobot_interfaces/share/mycobot_interfaces/environment/pythonpath.dsv
[5.605s] -- Installing: /home/pbs/ros2_ws/install/mycobot_interfaces/local/lib/python3.10/dist-packages/mycobot_interfaces-0.0.0-py3.10.egg-info
[5.605s] -- Installing: /home/pbs/ros2_ws/install/mycobot_interfaces/local/lib/python3.10/dist-packages/mycobot_interfaces-0.0.0-py3.10.egg-info/SOURCES.txt
[5.605s] -- Installing: /home/pbs/ros2_ws/install/mycobot_interfaces/local/lib/python3.10/dist-packages/mycobot_interfaces-0.0.0-py3.10.egg-info/PKG-INFO
[5.605s] -- Installing: /home/pbs/ros2_ws/install/mycobot_interfaces/local/lib/python3.10/dist-packages/mycobot_interfaces-0.0.0-py3.10.egg-info/top_level.txt
[5.605s] -- Installing: /home/pbs/ros2_ws/install/mycobot_interfaces/local/lib/python3.10/dist-packages/mycobot_interfaces-0.0.0-py3.10.egg-info/dependency_links.txt
[5.605s] -- Installing: /home/pbs/ros2_ws/install/mycobot_interfaces/local/lib/python3.10/dist-packages/mycobot_interfaces
[5.605s] -- Installing: /home/pbs/ros2_ws/install/mycobot_interfaces/local/lib/python3.10/dist-packages/mycobot_interfaces/_mycobot_interfaces_s.ep.rosidl_typesupport_fastrtps_c.c
[5.606s] -- Installing: /home/pbs/ros2_ws/install/mycobot_interfaces/local/lib/python3.10/dist-packages/mycobot_interfaces/_mycobot_interfaces_s.ep.rosidl_typesupport_c.c
[5.606s] -- Installing: /home/pbs/ros2_ws/install/mycobot_interfaces/local/lib/python3.10/dist-packages/mycobot_interfaces/srv
[5.606s] -- Installing: /home/pbs/ros2_ws/install/mycobot_interfaces/local/lib/python3.10/dist-packages/mycobot_interfaces/srv/_get_planning_scene.py
[5.606s] -- Installing: /home/pbs/ros2_ws/install/mycobot_interfaces/local/lib/python3.10/dist-packages/mycobot_interfaces/srv/__init__.py
[5.606s] -- Installing: /home/pbs/ros2_ws/install/mycobot_interfaces/local/lib/python3.10/dist-packages/mycobot_interfaces/srv/_get_planning_scene_s.c
[5.606s] -- Installing: /home/pbs/ros2_ws/install/mycobot_interfaces/local/lib/python3.10/dist-packages/mycobot_interfaces/mycobot_interfaces_s__rosidl_typesupport_fastrtps_c.cpython-310-x86_64-linux-gnu.so
[5.606s] -- Installing: /home/pbs/ros2_ws/install/mycobot_interfaces/local/lib/python3.10/dist-packages/mycobot_interfaces/__init__.py
[5.606s] -- Installing: /home/pbs/ros2_ws/install/mycobot_interfaces/local/lib/python3.10/dist-packages/mycobot_interfaces/_mycobot_interfaces_s.ep.rosidl_typesupport_introspection_c.c
[5.607s] -- Installing: /home/pbs/ros2_ws/install/mycobot_interfaces/local/lib/python3.10/dist-packages/mycobot_interfaces/libmycobot_interfaces__rosidl_generator_py.so
[5.607s] -- Installing: /home/pbs/ros2_ws/install/mycobot_interfaces/local/lib/python3.10/dist-packages/mycobot_interfaces/mycobot_interfaces_s__rosidl_typesupport_c.cpython-310-x86_64-linux-gnu.so
[5.607s] -- Installing: /home/pbs/ros2_ws/install/mycobot_interfaces/local/lib/python3.10/dist-packages/mycobot_interfaces/mycobot_interfaces_s__rosidl_typesupport_introspection_c.cpython-310-x86_64-linux-gnu.so
[5.638s] Listing '/home/pbs/ros2_ws/install/mycobot_interfaces/local/lib/python3.10/dist-packages/mycobot_interfaces'...
[5.638s] Compiling '/home/pbs/ros2_ws/install/mycobot_interfaces/local/lib/python3.10/dist-packages/mycobot_interfaces/__init__.py'...
[5.638s] Listing '/home/pbs/ros2_ws/install/mycobot_interfaces/local/lib/python3.10/dist-packages/mycobot_interfaces/srv'...
[5.638s] Compiling '/home/pbs/ros2_ws/install/mycobot_interfaces/local/lib/python3.10/dist-packages/mycobot_interfaces/srv/__init__.py'...
[5.638s] Compiling '/home/pbs/ros2_ws/install/mycobot_interfaces/local/lib/python3.10/dist-packages/mycobot_interfaces/srv/_get_planning_scene.py'...
[5.642s] -- Installing: /home/pbs/ros2_ws/install/mycobot_interfaces/local/lib/python3.10/dist-packages/mycobot_interfaces/mycobot_interfaces_s__rosidl_typesupport_fastrtps_c.cpython-310-x86_64-linux-gnu.so
[5.643s] -- Set runtime path of "/home/pbs/ros2_ws/install/mycobot_interfaces/local/lib/python3.10/dist-packages/mycobot_interfaces/mycobot_interfaces_s__rosidl_typesupport_fastrtps_c.cpython-310-x86_64-linux-gnu.so" to ""
[5.643s] -- Installing: /home/pbs/ros2_ws/install/mycobot_interfaces/local/lib/python3.10/dist-packages/mycobot_interfaces/mycobot_interfaces_s__rosidl_typesupport_introspection_c.cpython-310-x86_64-linux-gnu.so
[5.644s] -- Set runtime path of "/home/pbs/ros2_ws/install/mycobot_interfaces/local/lib/python3.10/dist-packages/mycobot_interfaces/mycobot_interfaces_s__rosidl_typesupport_introspection_c.cpython-310-x86_64-linux-gnu.so" to ""
[5.644s] -- Installing: /home/pbs/ros2_ws/install/mycobot_interfaces/local/lib/python3.10/dist-packages/mycobot_interfaces/mycobot_interfaces_s__rosidl_typesupport_c.cpython-310-x86_64-linux-gnu.so
[5.644s] -- Set runtime path of "/home/pbs/ros2_ws/install/mycobot_interfaces/local/lib/python3.10/dist-packages/mycobot_interfaces/mycobot_interfaces_s__rosidl_typesupport_c.cpython-310-x86_64-linux-gnu.so" to ""
[5.644s] -- Installing: /home/pbs/ros2_ws/install/mycobot_interfaces/lib/libmycobot_interfaces__rosidl_generator_py.so
[5.645s] -- Set runtime path of "/home/pbs/ros2_ws/install/mycobot_interfaces/lib/libmycobot_interfaces__rosidl_generator_py.so" to ""
[5.645s] -- Installing: /home/pbs/ros2_ws/install/mycobot_interfaces/share/mycobot_interfaces/srv/GetPlanningScene.idl
[5.645s] -- Installing: /home/pbs/ros2_ws/install/mycobot_interfaces/share/mycobot_interfaces/srv/GetPlanningScene.srv
[5.645s] -- Installing: /home/pbs/ros2_ws/install/mycobot_interfaces/share/mycobot_interfaces/srv/GetPlanningScene_Request.msg
[5.645s] -- Installing: /home/pbs/ros2_ws/install/mycobot_interfaces/share/mycobot_interfaces/srv/GetPlanningScene_Response.msg
[5.645s] -- Installing: /home/pbs/ros2_ws/install/mycobot_interfaces/share/ament_index/resource_index/package_run_dependencies/mycobot_interfaces
[5.646s] -- Installing: /home/pbs/ros2_ws/install/mycobot_interfaces/share/ament_index/resource_index/parent_prefix_path/mycobot_interfaces
[5.646s] -- Installing: /home/pbs/ros2_ws/install/mycobot_interfaces/share/mycobot_interfaces/environment/ament_prefix_path.sh
[5.646s] -- Installing: /home/pbs/ros2_ws/install/mycobot_interfaces/share/mycobot_interfaces/environment/ament_prefix_path.dsv
[5.646s] -- Installing: /home/pbs/ros2_ws/install/mycobot_interfaces/share/mycobot_interfaces/environment/path.sh
[5.646s] -- Installing: /home/pbs/ros2_ws/install/mycobot_interfaces/share/mycobot_interfaces/environment/path.dsv
[5.646s] -- Installing: /home/pbs/ros2_ws/install/mycobot_interfaces/share/mycobot_interfaces/local_setup.bash
[5.647s] -- Installing: /home/pbs/ros2_ws/install/mycobot_interfaces/share/mycobot_interfaces/local_setup.sh
[5.647s] -- Installing: /home/pbs/ros2_ws/install/mycobot_interfaces/share/mycobot_interfaces/local_setup.zsh
[5.647s] -- Installing: /home/pbs/ros2_ws/install/mycobot_interfaces/share/mycobot_interfaces/local_setup.dsv
[5.647s] -- Installing: /home/pbs/ros2_ws/install/mycobot_interfaces/share/mycobot_interfaces/package.dsv
[5.647s] -- Installing: /home/pbs/ros2_ws/install/mycobot_interfaces/share/ament_index/resource_index/packages/mycobot_interfaces
[5.647s] -- Installing: /home/pbs/ros2_ws/install/mycobot_interfaces/share/mycobot_interfaces/cmake/export_mycobot_interfaces__rosidl_generator_cExport.cmake
[5.647s] -- Installing: /home/pbs/ros2_ws/install/mycobot_interfaces/share/mycobot_interfaces/cmake/export_mycobot_interfaces__rosidl_generator_cExport-noconfig.cmake
[5.648s] -- Installing: /home/pbs/ros2_ws/install/mycobot_interfaces/share/mycobot_interfaces/cmake/export_mycobot_interfaces__rosidl_typesupport_fastrtps_cExport.cmake
[5.648s] -- Installing: /home/pbs/ros2_ws/install/mycobot_interfaces/share/mycobot_interfaces/cmake/export_mycobot_interfaces__rosidl_typesupport_fastrtps_cExport-noconfig.cmake
[5.648s] -- Installing: /home/pbs/ros2_ws/install/mycobot_interfaces/share/mycobot_interfaces/cmake/export_mycobot_interfaces__rosidl_generator_cppExport.cmake
[5.648s] -- Installing: /home/pbs/ros2_ws/install/mycobot_interfaces/share/mycobot_interfaces/cmake/export_mycobot_interfaces__rosidl_typesupport_fastrtps_cppExport.cmake
[5.648s] -- Installing: /home/pbs/ros2_ws/install/mycobot_interfaces/share/mycobot_interfaces/cmake/export_mycobot_interfaces__rosidl_typesupport_fastrtps_cppExport-noconfig.cmake
[5.648s] -- Installing: /home/pbs/ros2_ws/install/mycobot_interfaces/share/mycobot_interfaces/cmake/mycobot_interfaces__rosidl_typesupport_introspection_cExport.cmake
[5.649s] -- Installing: /home/pbs/ros2_ws/install/mycobot_interfaces/share/mycobot_interfaces/cmake/mycobot_interfaces__rosidl_typesupport_introspection_cExport-noconfig.cmake
[5.649s] -- Installing: /home/pbs/ros2_ws/install/mycobot_interfaces/share/mycobot_interfaces/cmake/mycobot_interfaces__rosidl_typesupport_cExport.cmake
[5.649s] -- Installing: /home/pbs/ros2_ws/install/mycobot_interfaces/share/mycobot_interfaces/cmake/mycobot_interfaces__rosidl_typesupport_cExport-noconfig.cmake
[5.649s] -- Installing: /home/pbs/ros2_ws/install/mycobot_interfaces/share/mycobot_interfaces/cmake/mycobot_interfaces__rosidl_typesupport_introspection_cppExport.cmake
[5.649s] -- Installing: /home/pbs/ros2_ws/install/mycobot_interfaces/share/mycobot_interfaces/cmake/mycobot_interfaces__rosidl_typesupport_introspection_cppExport-noconfig.cmake
[5.649s] -- Installing: /home/pbs/ros2_ws/install/mycobot_interfaces/share/mycobot_interfaces/cmake/mycobot_interfaces__rosidl_typesupport_cppExport.cmake
[5.649s] -- Installing: /home/pbs/ros2_ws/install/mycobot_interfaces/share/mycobot_interfaces/cmake/mycobot_interfaces__rosidl_typesupport_cppExport-noconfig.cmake
[5.650s] -- Installing: /home/pbs/ros2_ws/install/mycobot_interfaces/share/mycobot_interfaces/cmake/export_mycobot_interfaces__rosidl_generator_pyExport.cmake
[5.650s] -- Installing: /home/pbs/ros2_ws/install/mycobot_interfaces/share/mycobot_interfaces/cmake/export_mycobot_interfaces__rosidl_generator_pyExport-noconfig.cmake
[5.650s] -- Installing: /home/pbs/ros2_ws/install/mycobot_interfaces/share/mycobot_interfaces/cmake/rosidl_cmake-extras.cmake
[5.650s] -- Installing: /home/pbs/ros2_ws/install/mycobot_interfaces/share/mycobot_interfaces/cmake/ament_cmake_export_dependencies-extras.cmake
[5.650s] -- Installing: /home/pbs/ros2_ws/install/mycobot_interfaces/share/mycobot_interfaces/cmake/ament_cmake_export_include_directories-extras.cmake
[5.650s] -- Installing: /home/pbs/ros2_ws/install/mycobot_interfaces/share/mycobot_interfaces/cmake/ament_cmake_export_libraries-extras.cmake
[5.651s] -- Installing: /home/pbs/ros2_ws/install/mycobot_interfaces/share/mycobot_interfaces/cmake/ament_cmake_export_targets-extras.cmake
[5.651s] -- Installing: /home/pbs/ros2_ws/install/mycobot_interfaces/share/mycobot_interfaces/cmake/rosidl_cmake_export_typesupport_targets-extras.cmake
[5.651s] -- Installing: /home/pbs/ros2_ws/install/mycobot_interfaces/share/mycobot_interfaces/cmake/rosidl_cmake_export_typesupport_libraries-extras.cmake
[5.651s] -- Installing: /home/pbs/ros2_ws/install/mycobot_interfaces/share/mycobot_interfaces/cmake/mycobot_interfacesConfig.cmake
[5.651s] -- Installing: /home/pbs/ros2_ws/install/mycobot_interfaces/share/mycobot_interfaces/cmake/mycobot_interfacesConfig-version.cmake
[5.651s] -- Installing: /home/pbs/ros2_ws/install/mycobot_interfaces/share/mycobot_interfaces/package.xml
[5.655s] Invoked command in '/home/pbs/ros2_ws/build/mycobot_interfaces' returned '0': CMAKE_PREFIX_PATH=${CMAKE_PREFIX_PATH}:/opt/ros/humble /usr/bin/cmake --install /home/pbs/ros2_ws/build/mycobot_interfaces
