[0.016s] Invoking command in '/home/pbs/ros2_ws/build/mycobot_interfaces': CMAKE_PREFIX_PATH=/opt/ros/humble /usr/bin/cmake --build /home/pbs/ros2_ws/build/mycobot_interfaces -- -j12 -l12
[0.110s] [  3%] Built target mycobot_interfaces__cpp
[0.112s] [35m[1mConsolidate compiler generated dependencies of target mycobot_interfaces__rosidl_generator_c[0m
[0.120s] [  3%] Built target ament_cmake_python_copy_mycobot_interfaces
[0.127s] [35m[1mConsolidate compiler generated dependencies of target mycobot_interfaces__rosidl_typesupport_introspection_cpp[0m
[0.127s] [35m[1mConsolidate compiler generated dependencies of target mycobot_interfaces__rosidl_typesupport_cpp[0m
[0.128s] [35m[1mConsolidate compiler generated dependencies of target mycobot_interfaces__rosidl_typesupport_fastrtps_cpp[0m
[0.153s] [ 22%] Built target mycobot_interfaces__rosidl_typesupport_introspection_cpp
[0.153s] [ 22%] Built target mycobot_interfaces__rosidl_typesupport_fastrtps_cpp
[0.153s] [ 41%] Built target mycobot_interfaces__rosidl_generator_c
[0.153s] [ 41%] Built target mycobot_interfaces__rosidl_typesupport_cpp
[0.166s] [35m[1mConsolidate compiler generated dependencies of target mycobot_interfaces__rosidl_typesupport_c[0m
[0.168s] [35m[1mConsolidate compiler generated dependencies of target mycobot_interfaces__rosidl_typesupport_introspection_c[0m
[0.168s] [35m[1mConsolidate compiler generated dependencies of target mycobot_interfaces__rosidl_typesupport_fastrtps_c[0m
[0.181s] [ 51%] Built target mycobot_interfaces__rosidl_typesupport_c
[0.184s] [ 61%] Built target mycobot_interfaces__rosidl_typesupport_introspection_c
[0.185s] [ 70%] Built target mycobot_interfaces__rosidl_typesupport_fastrtps_c
[0.208s] [ 70%] Built target mycobot_interfaces
[0.232s] [ 74%] Built target mycobot_interfaces__py
[0.243s] [35m[1mConsolidate compiler generated dependencies of target mycobot_interfaces__rosidl_generator_py[0m
[0.265s] [ 80%] Built target mycobot_interfaces__rosidl_generator_py
[0.278s] [35m[1mConsolidate compiler generated dependencies of target mycobot_interfaces__rosidl_typesupport_c__pyext[0m
[0.279s] [35m[1mConsolidate compiler generated dependencies of target mycobot_interfaces__rosidl_typesupport_fastrtps_c__pyext[0m
[0.279s] [35m[1mConsolidate compiler generated dependencies of target mycobot_interfaces__rosidl_typesupport_introspection_c__pyext[0m
[0.293s] [ 93%] Built target mycobot_interfaces__rosidl_typesupport_introspection_c__pyext
[0.293s] [ 93%] Built target mycobot_interfaces__rosidl_typesupport_c__pyext
[0.293s] [100%] Built target mycobot_interfaces__rosidl_typesupport_fastrtps_c__pyext
[0.354s] running egg_info
[0.355s] writing mycobot_interfaces.egg-info/PKG-INFO
[0.355s] writing dependency_links to mycobot_interfaces.egg-info/dependency_links.txt
[0.355s] writing top-level names to mycobot_interfaces.egg-info/top_level.txt
[0.357s] reading manifest file 'mycobot_interfaces.egg-info/SOURCES.txt'
[0.358s] writing manifest file 'mycobot_interfaces.egg-info/SOURCES.txt'
[0.390s] [100%] Built target ament_cmake_python_build_mycobot_interfaces_egg
[0.404s] Invoked command in '/home/pbs/ros2_ws/build/mycobot_interfaces' returned '0': CMAKE_PREFIX_PATH=/opt/ros/humble /usr/bin/cmake --build /home/pbs/ros2_ws/build/mycobot_interfaces -- -j12 -l12
[0.523s] Invoking command in '/home/pbs/ros2_ws/build/mycobot_interfaces': CMAKE_PREFIX_PATH=/opt/ros/humble /usr/bin/cmake --install /home/pbs/ros2_ws/build/mycobot_interfaces
[0.537s] -- Install configuration: ""
[0.537s] -- Up-to-date: /home/pbs/ros2_ws/install/mycobot_interfaces/share/ament_index/resource_index/rosidl_interfaces/mycobot_interfaces
[0.537s] -- Up-to-date: /home/pbs/ros2_ws/install/mycobot_interfaces/include/mycobot_interfaces/mycobot_interfaces
[0.537s] -- Up-to-date: /home/pbs/ros2_ws/install/mycobot_interfaces/include/mycobot_interfaces/mycobot_interfaces/srv
[0.537s] -- Up-to-date: /home/pbs/ros2_ws/install/mycobot_interfaces/include/mycobot_interfaces/mycobot_interfaces/srv/detail
[0.538s] -- Up-to-date: /home/pbs/ros2_ws/install/mycobot_interfaces/include/mycobot_interfaces/mycobot_interfaces/srv/detail/get_planning_scene__type_support.h
[0.538s] -- Up-to-date: /home/pbs/ros2_ws/install/mycobot_interfaces/include/mycobot_interfaces/mycobot_interfaces/srv/detail/get_planning_scene__functions.c
[0.538s] -- Up-to-date: /home/pbs/ros2_ws/install/mycobot_interfaces/include/mycobot_interfaces/mycobot_interfaces/srv/detail/get_planning_scene__struct.h
[0.538s] -- Up-to-date: /home/pbs/ros2_ws/install/mycobot_interfaces/include/mycobot_interfaces/mycobot_interfaces/srv/detail/get_planning_scene__functions.h
[0.538s] -- Up-to-date: /home/pbs/ros2_ws/install/mycobot_interfaces/include/mycobot_interfaces/mycobot_interfaces/srv/get_planning_scene.h
[0.538s] -- Up-to-date: /home/pbs/ros2_ws/install/mycobot_interfaces/include/mycobot_interfaces/mycobot_interfaces/msg
[0.538s] -- Up-to-date: /home/pbs/ros2_ws/install/mycobot_interfaces/include/mycobot_interfaces/mycobot_interfaces/msg/rosidl_generator_c__visibility_control.h
[0.539s] -- Up-to-date: /home/pbs/ros2_ws/install/mycobot_interfaces/share/mycobot_interfaces/environment/library_path.sh
[0.539s] -- Up-to-date: /home/pbs/ros2_ws/install/mycobot_interfaces/share/mycobot_interfaces/environment/library_path.dsv
[0.539s] -- Up-to-date: /home/pbs/ros2_ws/install/mycobot_interfaces/lib/libmycobot_interfaces__rosidl_generator_c.so
[0.539s] -- Up-to-date: /home/pbs/ros2_ws/install/mycobot_interfaces/include/mycobot_interfaces/mycobot_interfaces
[0.539s] -- Up-to-date: /home/pbs/ros2_ws/install/mycobot_interfaces/include/mycobot_interfaces/mycobot_interfaces/srv
[0.539s] -- Up-to-date: /home/pbs/ros2_ws/install/mycobot_interfaces/include/mycobot_interfaces/mycobot_interfaces/srv/detail
[0.539s] -- Up-to-date: /home/pbs/ros2_ws/install/mycobot_interfaces/include/mycobot_interfaces/mycobot_interfaces/srv/detail/get_planning_scene__rosidl_typesupport_fastrtps_c.h
[0.539s] -- Up-to-date: /home/pbs/ros2_ws/install/mycobot_interfaces/include/mycobot_interfaces/mycobot_interfaces/msg
[0.540s] -- Up-to-date: /home/pbs/ros2_ws/install/mycobot_interfaces/include/mycobot_interfaces/mycobot_interfaces/msg/rosidl_typesupport_fastrtps_c__visibility_control.h
[0.540s] -- Up-to-date: /home/pbs/ros2_ws/install/mycobot_interfaces/lib/libmycobot_interfaces__rosidl_typesupport_fastrtps_c.so
[0.540s] -- Up-to-date: /home/pbs/ros2_ws/install/mycobot_interfaces/include/mycobot_interfaces/mycobot_interfaces
[0.540s] -- Up-to-date: /home/pbs/ros2_ws/install/mycobot_interfaces/include/mycobot_interfaces/mycobot_interfaces/srv
[0.540s] -- Up-to-date: /home/pbs/ros2_ws/install/mycobot_interfaces/include/mycobot_interfaces/mycobot_interfaces/srv/detail
[0.540s] -- Up-to-date: /home/pbs/ros2_ws/install/mycobot_interfaces/include/mycobot_interfaces/mycobot_interfaces/srv/detail/get_planning_scene__builder.hpp
[0.540s] -- Up-to-date: /home/pbs/ros2_ws/install/mycobot_interfaces/include/mycobot_interfaces/mycobot_interfaces/srv/detail/get_planning_scene__traits.hpp
[0.540s] -- Up-to-date: /home/pbs/ros2_ws/install/mycobot_interfaces/include/mycobot_interfaces/mycobot_interfaces/srv/detail/get_planning_scene__struct.hpp
[0.540s] -- Up-to-date: /home/pbs/ros2_ws/install/mycobot_interfaces/include/mycobot_interfaces/mycobot_interfaces/srv/get_planning_scene.hpp
[0.540s] -- Up-to-date: /home/pbs/ros2_ws/install/mycobot_interfaces/include/mycobot_interfaces/mycobot_interfaces
[0.540s] -- Up-to-date: /home/pbs/ros2_ws/install/mycobot_interfaces/include/mycobot_interfaces/mycobot_interfaces/srv
[0.540s] -- Up-to-date: /home/pbs/ros2_ws/install/mycobot_interfaces/include/mycobot_interfaces/mycobot_interfaces/srv/detail
[0.540s] -- Up-to-date: /home/pbs/ros2_ws/install/mycobot_interfaces/include/mycobot_interfaces/mycobot_interfaces/srv/detail/dds_fastrtps
[0.540s] -- Up-to-date: /home/pbs/ros2_ws/install/mycobot_interfaces/include/mycobot_interfaces/mycobot_interfaces/srv/detail/get_planning_scene__rosidl_typesupport_fastrtps_cpp.hpp
[0.540s] -- Up-to-date: /home/pbs/ros2_ws/install/mycobot_interfaces/include/mycobot_interfaces/mycobot_interfaces/msg
[0.541s] -- Up-to-date: /home/pbs/ros2_ws/install/mycobot_interfaces/include/mycobot_interfaces/mycobot_interfaces/msg/rosidl_typesupport_fastrtps_cpp__visibility_control.h
[0.541s] -- Up-to-date: /home/pbs/ros2_ws/install/mycobot_interfaces/lib/libmycobot_interfaces__rosidl_typesupport_fastrtps_cpp.so
[0.541s] -- Up-to-date: /home/pbs/ros2_ws/install/mycobot_interfaces/include/mycobot_interfaces/mycobot_interfaces
[0.541s] -- Up-to-date: /home/pbs/ros2_ws/install/mycobot_interfaces/include/mycobot_interfaces/mycobot_interfaces/srv
[0.541s] -- Up-to-date: /home/pbs/ros2_ws/install/mycobot_interfaces/include/mycobot_interfaces/mycobot_interfaces/srv/detail
[0.541s] -- Up-to-date: /home/pbs/ros2_ws/install/mycobot_interfaces/include/mycobot_interfaces/mycobot_interfaces/srv/detail/get_planning_scene__type_support.c
[0.541s] -- Up-to-date: /home/pbs/ros2_ws/install/mycobot_interfaces/include/mycobot_interfaces/mycobot_interfaces/srv/detail/get_planning_scene__rosidl_typesupport_introspection_c.h
[0.541s] -- Up-to-date: /home/pbs/ros2_ws/install/mycobot_interfaces/include/mycobot_interfaces/mycobot_interfaces/msg
[0.541s] -- Up-to-date: /home/pbs/ros2_ws/install/mycobot_interfaces/include/mycobot_interfaces/mycobot_interfaces/msg/rosidl_typesupport_introspection_c__visibility_control.h
[0.541s] -- Up-to-date: /home/pbs/ros2_ws/install/mycobot_interfaces/lib/libmycobot_interfaces__rosidl_typesupport_introspection_c.so
[0.541s] -- Up-to-date: /home/pbs/ros2_ws/install/mycobot_interfaces/lib/libmycobot_interfaces__rosidl_typesupport_c.so
[0.541s] -- Up-to-date: /home/pbs/ros2_ws/install/mycobot_interfaces/include/mycobot_interfaces/mycobot_interfaces
[0.541s] -- Up-to-date: /home/pbs/ros2_ws/install/mycobot_interfaces/include/mycobot_interfaces/mycobot_interfaces/srv
[0.541s] -- Up-to-date: /home/pbs/ros2_ws/install/mycobot_interfaces/include/mycobot_interfaces/mycobot_interfaces/srv/detail
[0.541s] -- Up-to-date: /home/pbs/ros2_ws/install/mycobot_interfaces/include/mycobot_interfaces/mycobot_interfaces/srv/detail/get_planning_scene__rosidl_typesupport_introspection_cpp.hpp
[0.542s] -- Up-to-date: /home/pbs/ros2_ws/install/mycobot_interfaces/include/mycobot_interfaces/mycobot_interfaces/srv/detail/get_planning_scene__type_support.cpp
[0.542s] -- Up-to-date: /home/pbs/ros2_ws/install/mycobot_interfaces/lib/libmycobot_interfaces__rosidl_typesupport_introspection_cpp.so
[0.542s] -- Up-to-date: /home/pbs/ros2_ws/install/mycobot_interfaces/lib/libmycobot_interfaces__rosidl_typesupport_cpp.so
[0.542s] -- Up-to-date: /home/pbs/ros2_ws/install/mycobot_interfaces/share/mycobot_interfaces/environment/pythonpath.sh
[0.542s] -- Up-to-date: /home/pbs/ros2_ws/install/mycobot_interfaces/share/mycobot_interfaces/environment/pythonpath.dsv
[0.542s] -- Up-to-date: /home/pbs/ros2_ws/install/mycobot_interfaces/local/lib/python3.10/dist-packages/mycobot_interfaces-0.0.0-py3.10.egg-info
[0.542s] -- Installing: /home/pbs/ros2_ws/install/mycobot_interfaces/local/lib/python3.10/dist-packages/mycobot_interfaces-0.0.0-py3.10.egg-info/SOURCES.txt
[0.542s] -- Installing: /home/pbs/ros2_ws/install/mycobot_interfaces/local/lib/python3.10/dist-packages/mycobot_interfaces-0.0.0-py3.10.egg-info/PKG-INFO
[0.542s] -- Installing: /home/pbs/ros2_ws/install/mycobot_interfaces/local/lib/python3.10/dist-packages/mycobot_interfaces-0.0.0-py3.10.egg-info/top_level.txt
[0.542s] -- Installing: /home/pbs/ros2_ws/install/mycobot_interfaces/local/lib/python3.10/dist-packages/mycobot_interfaces-0.0.0-py3.10.egg-info/dependency_links.txt
[0.542s] -- Up-to-date: /home/pbs/ros2_ws/install/mycobot_interfaces/local/lib/python3.10/dist-packages/mycobot_interfaces
[0.542s] -- Up-to-date: /home/pbs/ros2_ws/install/mycobot_interfaces/local/lib/python3.10/dist-packages/mycobot_interfaces/_mycobot_interfaces_s.ep.rosidl_typesupport_fastrtps_c.c
[0.542s] -- Up-to-date: /home/pbs/ros2_ws/install/mycobot_interfaces/local/lib/python3.10/dist-packages/mycobot_interfaces/_mycobot_interfaces_s.ep.rosidl_typesupport_c.c
[0.542s] -- Up-to-date: /home/pbs/ros2_ws/install/mycobot_interfaces/local/lib/python3.10/dist-packages/mycobot_interfaces/srv
[0.543s] -- Up-to-date: /home/pbs/ros2_ws/install/mycobot_interfaces/local/lib/python3.10/dist-packages/mycobot_interfaces/srv/_get_planning_scene.py
[0.543s] -- Up-to-date: /home/pbs/ros2_ws/install/mycobot_interfaces/local/lib/python3.10/dist-packages/mycobot_interfaces/srv/__init__.py
[0.543s] -- Up-to-date: /home/pbs/ros2_ws/install/mycobot_interfaces/local/lib/python3.10/dist-packages/mycobot_interfaces/srv/_get_planning_scene_s.c
[0.543s] -- Up-to-date: /home/pbs/ros2_ws/install/mycobot_interfaces/local/lib/python3.10/dist-packages/mycobot_interfaces/mycobot_interfaces_s__rosidl_typesupport_fastrtps_c.cpython-310-x86_64-linux-gnu.so
[0.543s] -- Up-to-date: /home/pbs/ros2_ws/install/mycobot_interfaces/local/lib/python3.10/dist-packages/mycobot_interfaces/__init__.py
[0.543s] -- Up-to-date: /home/pbs/ros2_ws/install/mycobot_interfaces/local/lib/python3.10/dist-packages/mycobot_interfaces/_mycobot_interfaces_s.ep.rosidl_typesupport_introspection_c.c
[0.543s] -- Up-to-date: /home/pbs/ros2_ws/install/mycobot_interfaces/local/lib/python3.10/dist-packages/mycobot_interfaces/libmycobot_interfaces__rosidl_generator_py.so
[0.543s] -- Up-to-date: /home/pbs/ros2_ws/install/mycobot_interfaces/local/lib/python3.10/dist-packages/mycobot_interfaces/mycobot_interfaces_s__rosidl_typesupport_c.cpython-310-x86_64-linux-gnu.so
[0.543s] -- Up-to-date: /home/pbs/ros2_ws/install/mycobot_interfaces/local/lib/python3.10/dist-packages/mycobot_interfaces/mycobot_interfaces_s__rosidl_typesupport_introspection_c.cpython-310-x86_64-linux-gnu.so
[0.545s] Listing '/home/pbs/ros2_ws/install/mycobot_interfaces/local/lib/python3.10/dist-packages/mycobot_interfaces'...
[0.545s] Listing '/home/pbs/ros2_ws/install/mycobot_interfaces/local/lib/python3.10/dist-packages/mycobot_interfaces/srv'...
[0.548s] -- Up-to-date: /home/pbs/ros2_ws/install/mycobot_interfaces/local/lib/python3.10/dist-packages/mycobot_interfaces/mycobot_interfaces_s__rosidl_typesupport_fastrtps_c.cpython-310-x86_64-linux-gnu.so
[0.548s] -- Up-to-date: /home/pbs/ros2_ws/install/mycobot_interfaces/local/lib/python3.10/dist-packages/mycobot_interfaces/mycobot_interfaces_s__rosidl_typesupport_introspection_c.cpython-310-x86_64-linux-gnu.so
[0.549s] -- Up-to-date: /home/pbs/ros2_ws/install/mycobot_interfaces/local/lib/python3.10/dist-packages/mycobot_interfaces/mycobot_interfaces_s__rosidl_typesupport_c.cpython-310-x86_64-linux-gnu.so
[0.550s] -- Up-to-date: /home/pbs/ros2_ws/install/mycobot_interfaces/lib/libmycobot_interfaces__rosidl_generator_py.so
[0.550s] -- Up-to-date: /home/pbs/ros2_ws/install/mycobot_interfaces/share/mycobot_interfaces/srv/GetPlanningScene.idl
[0.550s] -- Up-to-date: /home/pbs/ros2_ws/install/mycobot_interfaces/share/mycobot_interfaces/srv/GetPlanningScene.srv
[0.550s] -- Up-to-date: /home/pbs/ros2_ws/install/mycobot_interfaces/share/mycobot_interfaces/srv/GetPlanningScene_Request.msg
[0.551s] -- Up-to-date: /home/pbs/ros2_ws/install/mycobot_interfaces/share/mycobot_interfaces/srv/GetPlanningScene_Response.msg
[0.551s] -- Up-to-date: /home/pbs/ros2_ws/install/mycobot_interfaces/share/ament_index/resource_index/package_run_dependencies/mycobot_interfaces
[0.551s] -- Up-to-date: /home/pbs/ros2_ws/install/mycobot_interfaces/share/ament_index/resource_index/parent_prefix_path/mycobot_interfaces
[0.551s] -- Up-to-date: /home/pbs/ros2_ws/install/mycobot_interfaces/share/mycobot_interfaces/environment/ament_prefix_path.sh
[0.551s] -- Up-to-date: /home/pbs/ros2_ws/install/mycobot_interfaces/share/mycobot_interfaces/environment/ament_prefix_path.dsv
[0.551s] -- Up-to-date: /home/pbs/ros2_ws/install/mycobot_interfaces/share/mycobot_interfaces/environment/path.sh
[0.551s] -- Up-to-date: /home/pbs/ros2_ws/install/mycobot_interfaces/share/mycobot_interfaces/environment/path.dsv
[0.551s] -- Up-to-date: /home/pbs/ros2_ws/install/mycobot_interfaces/share/mycobot_interfaces/local_setup.bash
[0.551s] -- Up-to-date: /home/pbs/ros2_ws/install/mycobot_interfaces/share/mycobot_interfaces/local_setup.sh
[0.551s] -- Up-to-date: /home/pbs/ros2_ws/install/mycobot_interfaces/share/mycobot_interfaces/local_setup.zsh
[0.551s] -- Up-to-date: /home/pbs/ros2_ws/install/mycobot_interfaces/share/mycobot_interfaces/local_setup.dsv
[0.552s] -- Installing: /home/pbs/ros2_ws/install/mycobot_interfaces/share/mycobot_interfaces/package.dsv
[0.552s] -- Up-to-date: /home/pbs/ros2_ws/install/mycobot_interfaces/share/ament_index/resource_index/packages/mycobot_interfaces
[0.552s] -- Up-to-date: /home/pbs/ros2_ws/install/mycobot_interfaces/share/mycobot_interfaces/cmake/export_mycobot_interfaces__rosidl_generator_cExport.cmake
[0.552s] -- Up-to-date: /home/pbs/ros2_ws/install/mycobot_interfaces/share/mycobot_interfaces/cmake/export_mycobot_interfaces__rosidl_generator_cExport-noconfig.cmake
[0.552s] -- Up-to-date: /home/pbs/ros2_ws/install/mycobot_interfaces/share/mycobot_interfaces/cmake/export_mycobot_interfaces__rosidl_typesupport_fastrtps_cExport.cmake
[0.553s] -- Up-to-date: /home/pbs/ros2_ws/install/mycobot_interfaces/share/mycobot_interfaces/cmake/export_mycobot_interfaces__rosidl_typesupport_fastrtps_cExport-noconfig.cmake
[0.553s] -- Up-to-date: /home/pbs/ros2_ws/install/mycobot_interfaces/share/mycobot_interfaces/cmake/export_mycobot_interfaces__rosidl_generator_cppExport.cmake
[0.553s] -- Up-to-date: /home/pbs/ros2_ws/install/mycobot_interfaces/share/mycobot_interfaces/cmake/export_mycobot_interfaces__rosidl_typesupport_fastrtps_cppExport.cmake
[0.553s] -- Up-to-date: /home/pbs/ros2_ws/install/mycobot_interfaces/share/mycobot_interfaces/cmake/export_mycobot_interfaces__rosidl_typesupport_fastrtps_cppExport-noconfig.cmake
[0.553s] -- Up-to-date: /home/pbs/ros2_ws/install/mycobot_interfaces/share/mycobot_interfaces/cmake/mycobot_interfaces__rosidl_typesupport_introspection_cExport.cmake
[0.553s] -- Up-to-date: /home/pbs/ros2_ws/install/mycobot_interfaces/share/mycobot_interfaces/cmake/mycobot_interfaces__rosidl_typesupport_introspection_cExport-noconfig.cmake
[0.554s] -- Up-to-date: /home/pbs/ros2_ws/install/mycobot_interfaces/share/mycobot_interfaces/cmake/mycobot_interfaces__rosidl_typesupport_cExport.cmake
[0.554s] -- Up-to-date: /home/pbs/ros2_ws/install/mycobot_interfaces/share/mycobot_interfaces/cmake/mycobot_interfaces__rosidl_typesupport_cExport-noconfig.cmake
[0.554s] -- Up-to-date: /home/pbs/ros2_ws/install/mycobot_interfaces/share/mycobot_interfaces/cmake/mycobot_interfaces__rosidl_typesupport_introspection_cppExport.cmake
[0.554s] -- Up-to-date: /home/pbs/ros2_ws/install/mycobot_interfaces/share/mycobot_interfaces/cmake/mycobot_interfaces__rosidl_typesupport_introspection_cppExport-noconfig.cmake
[0.555s] -- Up-to-date: /home/pbs/ros2_ws/install/mycobot_interfaces/share/mycobot_interfaces/cmake/mycobot_interfaces__rosidl_typesupport_cppExport.cmake
[0.555s] -- Up-to-date: /home/pbs/ros2_ws/install/mycobot_interfaces/share/mycobot_interfaces/cmake/mycobot_interfaces__rosidl_typesupport_cppExport-noconfig.cmake
[0.555s] -- Up-to-date: /home/pbs/ros2_ws/install/mycobot_interfaces/share/mycobot_interfaces/cmake/export_mycobot_interfaces__rosidl_generator_pyExport.cmake
[0.555s] -- Up-to-date: /home/pbs/ros2_ws/install/mycobot_interfaces/share/mycobot_interfaces/cmake/export_mycobot_interfaces__rosidl_generator_pyExport-noconfig.cmake
[0.555s] -- Up-to-date: /home/pbs/ros2_ws/install/mycobot_interfaces/share/mycobot_interfaces/cmake/rosidl_cmake-extras.cmake
[0.555s] -- Up-to-date: /home/pbs/ros2_ws/install/mycobot_interfaces/share/mycobot_interfaces/cmake/ament_cmake_export_dependencies-extras.cmake
[0.555s] -- Up-to-date: /home/pbs/ros2_ws/install/mycobot_interfaces/share/mycobot_interfaces/cmake/ament_cmake_export_include_directories-extras.cmake
[0.555s] -- Up-to-date: /home/pbs/ros2_ws/install/mycobot_interfaces/share/mycobot_interfaces/cmake/ament_cmake_export_libraries-extras.cmake
[0.555s] -- Up-to-date: /home/pbs/ros2_ws/install/mycobot_interfaces/share/mycobot_interfaces/cmake/ament_cmake_export_targets-extras.cmake
[0.555s] -- Up-to-date: /home/pbs/ros2_ws/install/mycobot_interfaces/share/mycobot_interfaces/cmake/rosidl_cmake_export_typesupport_targets-extras.cmake
[0.555s] -- Up-to-date: /home/pbs/ros2_ws/install/mycobot_interfaces/share/mycobot_interfaces/cmake/rosidl_cmake_export_typesupport_libraries-extras.cmake
[0.555s] -- Up-to-date: /home/pbs/ros2_ws/install/mycobot_interfaces/share/mycobot_interfaces/cmake/mycobot_interfacesConfig.cmake
[0.555s] -- Up-to-date: /home/pbs/ros2_ws/install/mycobot_interfaces/share/mycobot_interfaces/cmake/mycobot_interfacesConfig-version.cmake
[0.556s] -- Up-to-date: /home/pbs/ros2_ws/install/mycobot_interfaces/share/mycobot_interfaces/package.xml
[0.561s] Invoked command in '/home/pbs/ros2_ws/build/mycobot_interfaces' returned '0': CMAKE_PREFIX_PATH=/opt/ros/humble /usr/bin/cmake --install /home/pbs/ros2_ws/build/mycobot_interfaces
